[0.119s] Invoking command in '/home/user/simulation_ws/build/turtlebot3_gazebo': CMAKE_PREFIX_PATH=${CMAKE_PREFIX_PATH}:/home/user/simulation_ws/install/turtlebot3_teleop:/home/user/simulation_ws/install/turtlebot3_example:/home/simulations/ros2_sims_ws/install/rclrs_tests:/home/simulations/ros2_sims_ws/install/examples_rclrs_minimal_client_service:/home/simulations/ros2_sims_ws/install/sensor_msgs_py:/home/simulations/ros2_sims_ws/install/examples_rclrs_minimal_pub_sub:/home/simulations/ros2_sims_ws/install/examples_rclrs_message_demo:/home/simulations/ros2_sims_ws/install/rclrs:/home/simulations/ros2_sims_ws/install/rosidl_runtime_rs:/opt/ros/humble _=/usr/bin/env /usr/bin/cmake /home/user/simulation_ws/src/turtlebot3_ros2/turtlebot3_gazebo -DCMAKE_INSTALL_PREFIX=/home/user/simulation_ws/install/turtlebot3_gazebo
[10.221s] -- The C compiler identification is GNU 11.4.0
[13.460s] -- The CXX compiler identification is GNU 11.4.0
[13.683s] -- Detecting C compiler ABI info
[13.982s] -- Detecting C compiler ABI info - done
[13.993s] -- Check for working C compiler: /usr/bin/cc - skipped
[13.994s] -- Detecting C compile features
[14.065s] -- Detecting C compile features - done
[14.072s] -- Detecting CXX compiler ABI info
[14.384s] -- Detecting CXX compiler ABI info - done
[14.398s] -- Check for working CXX compiler: /usr/bin/c++ - skipped
[14.398s] -- Detecting CXX compile features
[14.399s] -- Detecting CXX compile features - done
[14.415s] -- Found ament_cmake: 1.3.8 (/opt/ros/humble/share/ament_cmake/cmake)
[15.277s] -- Found Python3: /usr/bin/python3 (found version "3.10.12") found components: Interpreter 
[16.223s] [33mCMake Warning (dev) at /usr/share/cmake-3.22/Modules/FindPackageHandleStandardArgs.cmake:438 (message):
[16.223s]   The package name passed to `find_package_handle_standard_args` (PkgConfig)
[16.223s]   does not match the name of the calling package (gazebo).  This can lead to
[16.223s]   problems in calling code that expects `find_package` result variables
[16.223s]   (e.g., `_FOUND`) to follow a certain pattern.
[16.224s] Call Stack (most recent call first):
[16.224s]   /usr/share/cmake-3.22/Modules/FindPkgConfig.cmake:99 (find_package_handle_standard_args)
[16.224s]   /usr/lib/x86_64-linux-gnu/cmake/gazebo/gazebo-config.cmake:72 (include)
[16.224s]   CMakeLists.txt:23 (find_package)
[16.224s] This warning is for project developers.  Use -Wno-dev to suppress it.
[16.224s] [0m
[16.224s] -- Found PkgConfig: /usr/bin/pkg-config (found version "0.29.2") 
[16.230s] -- Checking for module 'bullet>=2.82'
[17.037s] --   Found bullet, version 3.05
[18.528s] -- Found fcl: /usr/include (found suitable version "0.7.0", minimum required is "0.5.0") 
[18.805s] -- Found assimp: /usr/include (found version "5.2.0") 
[20.108s] -- Found DART: /usr/include (Required is at least version "6.6") found components: dart 
[20.745s] -- Found Boost: /usr/lib/x86_64-linux-gnu/cmake/Boost-1.74.0/BoostConfig.cmake (found suitable version "1.74.0", minimum required is "1.40.0") found components: thread system filesystem program_options regex iostreams date_time 
[21.851s] -- Found Protobuf: /usr/lib/x86_64-linux-gnu/libprotobuf.so (found version "3.12.4") 
[21.981s] -- Looking for ignition-math6 -- found version 6.15.1
[22.118s] -- Searching for dependencies of ignition-math6
[22.266s] -- Looking for OGRE...
[22.267s] -- OGRE_PREFIX_WATCH changed.
[22.274s] -- Checking for module 'OGRE'
[22.297s] --   Found OGRE, version 1.9.0
[22.634s] -- Found Ogre Ghadamon (1.9.0)
[22.755s] -- Found OGRE: optimized;/usr/lib/x86_64-linux-gnu/libOgreMain.so;debug;/usr/lib/x86_64-linux-gnu/libOgreMain.so
[22.764s] -- Looking for OGRE_Paging...
[22.777s] -- Found OGRE_Paging: optimized;/usr/lib/x86_64-linux-gnu/libOgrePaging.so;debug;/usr/lib/x86_64-linux-gnu/libOgrePaging.so
[22.778s] -- Looking for OGRE_Terrain...
[22.791s] -- Found OGRE_Terrain: optimized;/usr/lib/x86_64-linux-gnu/libOgreTerrain.so;debug;/usr/lib/x86_64-linux-gnu/libOgreTerrain.so
[22.791s] -- Looking for OGRE_Property...
[22.803s] -- Found OGRE_Property: optimized;/usr/lib/x86_64-linux-gnu/libOgreProperty.so;debug;/usr/lib/x86_64-linux-gnu/libOgreProperty.so
[22.803s] -- Looking for OGRE_RTShaderSystem...
[22.815s] -- Found OGRE_RTShaderSystem: optimized;/usr/lib/x86_64-linux-gnu/libOgreRTShaderSystem.so;debug;/usr/lib/x86_64-linux-gnu/libOgreRTShaderSystem.so
[22.815s] -- Looking for OGRE_Volume...
[22.827s] -- Found OGRE_Volume: optimized;/usr/lib/x86_64-linux-gnu/libOgreVolume.so;debug;/usr/lib/x86_64-linux-gnu/libOgreVolume.so
[22.827s] -- Looking for OGRE_Overlay...
[22.838s] -- Found OGRE_Overlay: optimized;/usr/lib/x86_64-linux-gnu/libOgreOverlay.so;debug;/usr/lib/x86_64-linux-gnu/libOgreOverlay.so
[23.155s] -- Looking for ignition-math6 -- found version 6.15.1
[23.171s] -- Looking for ignition-transport8 -- found version 8.2.1
[23.171s] -- Searching for dependencies of ignition-transport8
[23.207s] -- Found Protobuf: /usr/lib/x86_64-linux-gnu/libprotobuf.so (found suitable version "3.12.4", minimum required is "3") 
[23.235s] -- Config-file not installed for ZeroMQ -- checking for pkg-config
[23.240s] -- Checking for module 'libzmq >= 4'
[23.589s] --   Found libzmq , version 4.3.4
[23.632s] -- Found ZeroMQ: TRUE (Required is at least version "4") 
[23.641s] -- Checking for module 'uuid'
[23.736s] --   Found uuid, version 2.37.2
[23.778s] -- Found UUID: TRUE  
[23.790s] -- Looking for ignition-msgs5 -- found version 5.8.1
[23.791s] -- Searching for dependencies of ignition-msgs5
[23.827s] -- Looking for ignition-math6 -- found version 6.15.1
[23.832s] -- Checking for module 'tinyxml2'
[23.960s] --   Found tinyxml2, version 9.0.0
[24.004s] -- Looking for ignition-msgs5 -- found version 5.8.1
[24.017s] -- Looking for ignition-common3 -- found version 3.14.0
[24.017s] -- Searching for dependencies of ignition-common3
[24.019s] -- Looking for dlfcn.h - found
[24.020s] -- Looking for libdl - found
[24.022s] -- Found DL: TRUE  
[24.047s] -- Found tinyobjloader: /usr/lib/x86_64-linux-gnu/cmake/tinyobjloader/tinyobjloader-config.cmake (found version "2.0.0") 
[24.048s] -- Searching for <ignition-common3> component [graphics]
[24.063s] -- Looking for ignition-common3-graphics -- found version 3.14.0
[24.064s] -- Searching for dependencies of ignition-common3-graphics
[24.064s] -- Looking for ignition-math6 -- found version 6.15.1
[24.079s] -- Looking for ignition-fuel_tools4 -- found version 4.4.0
[24.079s] -- Searching for dependencies of ignition-fuel_tools4
[24.196s] -- Found CURL: /usr/lib/x86_64-linux-gnu/libcurl.so (found version "7.81.0")  
[24.307s] -- Checking for module 'jsoncpp'
[24.391s] --   Found jsoncpp, version 1.9.5
[24.432s] -- Found JSONCPP: TRUE  
[24.445s] -- Checking for module 'libzip'
[24.473s] --   Found libzip, version 1.7.3
[24.530s] -- Found ZIP: TRUE  
[24.531s] -- Looking for ignition-common3 -- found version 3.14.0
[24.532s] -- Looking for ignition-math6 -- found version 6.15.1
[24.532s] -- Looking for ignition-msgs5 -- found version 5.8.1
[24.735s] -- Found gazebo_ros_pkgs: 3.7.0 (/opt/ros/humble/share/gazebo_ros_pkgs/cmake)
[24.740s] -- Found geometry_msgs: 4.2.3 (/home/simulations/ros2_sims_ws/install/geometry_msgs/share/geometry_msgs/cmake)
[24.902s] -- Found rosidl_generator_c: 3.1.5 (/opt/ros/humble/share/rosidl_generator_c/cmake)
[24.935s] -- Found rosidl_adapter: 3.1.5 (/opt/ros/humble/share/rosidl_adapter/cmake)
[24.962s] -- Found rosidl_generator_cpp: 3.1.5 (/opt/ros/humble/share/rosidl_generator_cpp/cmake)
[25.009s] -- Using all available rosidl_typesupport_c: rosidl_typesupport_fastrtps_c;rosidl_typesupport_introspection_c
[25.088s] -- Using all available rosidl_typesupport_cpp: rosidl_typesupport_fastrtps_cpp;rosidl_typesupport_introspection_cpp
[25.355s] -- Found nav_msgs: 4.2.3 (/home/simulations/ros2_sims_ws/install/nav_msgs/share/nav_msgs/cmake)
[25.597s] -- Found rclcpp: 16.0.8 (/opt/ros/humble/share/rclcpp/cmake)
[25.839s] -- Found rmw_implementation_cmake: 6.1.1 (/opt/ros/humble/share/rmw_implementation_cmake/cmake)
[25.860s] -- Found rmw_fastrtps_cpp: 6.2.6 (/opt/ros/humble/share/rmw_fastrtps_cpp/cmake)
[26.168s] -- Found OpenSSL: /usr/lib/x86_64-linux-gnu/libcrypto.so (found version "3.0.2")  
[26.242s] -- Found FastRTPS: /opt/ros/humble/include  
[26.356s] -- Using RMW implementation 'rmw_fastrtps_cpp' as default
[26.398s] -- Found Threads: TRUE  
[26.573s] -- Found sensor_msgs: 4.2.3 (/home/simulations/ros2_sims_ws/install/sensor_msgs/share/sensor_msgs/cmake)
[26.699s] -- Found tf2: 0.25.6 (/opt/ros/humble/share/tf2/cmake)
[26.892s] -- Configuring done
[30.599s] -- Generating done
[30.601s] -- Build files have been written to: /home/user/simulation_ws/build/turtlebot3_gazebo
[30.616s] Invoked command in '/home/user/simulation_ws/build/turtlebot3_gazebo' returned '0': CMAKE_PREFIX_PATH=${CMAKE_PREFIX_PATH}:/home/user/simulation_ws/install/turtlebot3_teleop:/home/user/simulation_ws/install/turtlebot3_example:/home/simulations/ros2_sims_ws/install/rclrs_tests:/home/simulations/ros2_sims_ws/install/examples_rclrs_minimal_client_service:/home/simulations/ros2_sims_ws/install/sensor_msgs_py:/home/simulations/ros2_sims_ws/install/examples_rclrs_minimal_pub_sub:/home/simulations/ros2_sims_ws/install/examples_rclrs_message_demo:/home/simulations/ros2_sims_ws/install/rclrs:/home/simulations/ros2_sims_ws/install/rosidl_runtime_rs:/opt/ros/humble _=/usr/bin/env /usr/bin/cmake /home/user/simulation_ws/src/turtlebot3_ros2/turtlebot3_gazebo -DCMAKE_INSTALL_PREFIX=/home/user/simulation_ws/install/turtlebot3_gazebo
[30.619s] Invoking command in '/home/user/simulation_ws/build/turtlebot3_gazebo': CMAKE_PREFIX_PATH=${CMAKE_PREFIX_PATH}:/home/user/simulation_ws/install/turtlebot3_teleop:/home/user/simulation_ws/install/turtlebot3_example:/home/simulations/ros2_sims_ws/install/rclrs_tests:/home/simulations/ros2_sims_ws/install/examples_rclrs_minimal_client_service:/home/simulations/ros2_sims_ws/install/sensor_msgs_py:/home/simulations/ros2_sims_ws/install/examples_rclrs_minimal_pub_sub:/home/simulations/ros2_sims_ws/install/examples_rclrs_message_demo:/home/simulations/ros2_sims_ws/install/rclrs:/home/simulations/ros2_sims_ws/install/rosidl_runtime_rs:/opt/ros/humble _=/usr/bin/env /usr/bin/cmake --build /home/user/simulation_ws/build/turtlebot3_gazebo -- -j8 -l8
[30.696s] [ 12%] [32mBuilding CXX object CMakeFiles/obstacles.dir/models/turtlebot3_dqn_world/obstacle_plugin/obstacles.cc.o[0m
[30.697s] [ 25%] [32mBuilding CXX object CMakeFiles/turtlebot3_drive.dir/src/turtlebot3_drive.cpp.o[0m
[30.699s] [ 37%] [32mBuilding CXX object CMakeFiles/obstacle2.dir/models/turtlebot3_dqn_world/obstacle_plugin/obstacle2.cc.o[0m
[30.700s] [ 50%] [32mBuilding CXX object CMakeFiles/obstacle1.dir/models/turtlebot3_dqn_world/obstacle_plugin/obstacle1.cc.o[0m
[45.234s] [ 62%] [32m[1mLinking CXX executable turtlebot3_drive[0m
[47.436s] [ 62%] Built target turtlebot3_drive
[62.057s] [ 75%] [32m[1mLinking CXX shared library libobstacle1.so[0m
[62.124s] [ 87%] [32m[1mLinking CXX shared library libobstacles.so[0m
[62.142s] [100%] [32m[1mLinking CXX shared library libobstacle2.so[0m
[65.639s] [100%] Built target obstacle2
[65.654s] [100%] Built target obstacle1
[65.657s] [100%] Built target obstacles
[65.669s] Invoked command in '/home/user/simulation_ws/build/turtlebot3_gazebo' returned '0': CMAKE_PREFIX_PATH=${CMAKE_PREFIX_PATH}:/home/user/simulation_ws/install/turtlebot3_teleop:/home/user/simulation_ws/install/turtlebot3_example:/home/simulations/ros2_sims_ws/install/rclrs_tests:/home/simulations/ros2_sims_ws/install/examples_rclrs_minimal_client_service:/home/simulations/ros2_sims_ws/install/sensor_msgs_py:/home/simulations/ros2_sims_ws/install/examples_rclrs_minimal_pub_sub:/home/simulations/ros2_sims_ws/install/examples_rclrs_message_demo:/home/simulations/ros2_sims_ws/install/rclrs:/home/simulations/ros2_sims_ws/install/rosidl_runtime_rs:/opt/ros/humble _=/usr/bin/env /usr/bin/cmake --build /home/user/simulation_ws/build/turtlebot3_gazebo -- -j8 -l8
[65.741s] Invoking command in '/home/user/simulation_ws/build/turtlebot3_gazebo': CMAKE_PREFIX_PATH=${CMAKE_PREFIX_PATH}:/home/user/simulation_ws/install/turtlebot3_teleop:/home/user/simulation_ws/install/turtlebot3_example:/home/simulations/ros2_sims_ws/install/rclrs_tests:/home/simulations/ros2_sims_ws/install/examples_rclrs_minimal_client_service:/home/simulations/ros2_sims_ws/install/sensor_msgs_py:/home/simulations/ros2_sims_ws/install/examples_rclrs_minimal_pub_sub:/home/simulations/ros2_sims_ws/install/examples_rclrs_message_demo:/home/simulations/ros2_sims_ws/install/rclrs:/home/simulations/ros2_sims_ws/install/rosidl_runtime_rs:/opt/ros/humble _=/usr/bin/env /usr/bin/cmake --install /home/user/simulation_ws/build/turtlebot3_gazebo
[65.750s] -- Install configuration: ""
[65.750s] -- Installing: /home/user/simulation_ws/install/turtlebot3_gazebo/lib/turtlebot3_gazebo/turtlebot3_drive
[65.758s] -- Set runtime path of "/home/user/simulation_ws/install/turtlebot3_gazebo/lib/turtlebot3_gazebo/turtlebot3_drive" to ""
[65.759s] -- Installing: /home/user/simulation_ws/install/turtlebot3_gazebo/share/turtlebot3_gazebo//launch
[65.759s] -- Installing: /home/user/simulation_ws/install/turtlebot3_gazebo/share/turtlebot3_gazebo//launch/turtlebot3_dqn_stage2.launch.py
[65.759s] -- Installing: /home/user/simulation_ws/install/turtlebot3_gazebo/share/turtlebot3_gazebo//launch/turtlebot3_house.launch.py
[65.759s] -- Installing: /home/user/simulation_ws/install/turtlebot3_gazebo/share/turtlebot3_gazebo//launch/empty_world.launch.py
[65.759s] -- Installing: /home/user/simulation_ws/install/turtlebot3_gazebo/share/turtlebot3_gazebo//launch/start_turtlebot3_world.launch.py
[65.759s] -- Installing: /home/user/simulation_ws/install/turtlebot3_gazebo/share/turtlebot3_gazebo//launch/turtlebot3_dqn_stage1.launch.py
[65.759s] -- Installing: /home/user/simulation_ws/install/turtlebot3_gazebo/share/turtlebot3_gazebo//launch/rviz.launch.py
[65.759s] -- Installing: /home/user/simulation_ws/install/turtlebot3_gazebo/share/turtlebot3_gazebo//launch/spawn_turtlebot3.launch.py
[65.760s] -- Installing: /home/user/simulation_ws/install/turtlebot3_gazebo/share/turtlebot3_gazebo//launch/robot_state_publisher.launch.py
[65.760s] -- Installing: /home/user/simulation_ws/install/turtlebot3_gazebo/share/turtlebot3_gazebo//launch/turtlebot3_dqn_stage4.launch.py
[65.760s] -- Installing: /home/user/simulation_ws/install/turtlebot3_gazebo/share/turtlebot3_gazebo//launch/main_turtlebot3_lab.launch.xml
[65.760s] -- Installing: /home/user/simulation_ws/install/turtlebot3_gazebo/share/turtlebot3_gazebo//launch/start_turtlebot3_world_standalone.launch.py
[65.761s] -- Installing: /home/user/simulation_ws/install/turtlebot3_gazebo/share/turtlebot3_gazebo//launch/turtlebot3_world.launch.py
[65.761s] -- Installing: /home/user/simulation_ws/install/turtlebot3_gazebo/share/turtlebot3_gazebo//launch/turtlebot3_dqn_stage3.launch.py
[65.761s] -- Installing: /home/user/simulation_ws/install/turtlebot3_gazebo/share/turtlebot3_gazebo//models
[65.761s] -- Installing: /home/user/simulation_ws/install/turtlebot3_gazebo/share/turtlebot3_gazebo//models/play_cube_white
[65.761s] -- Installing: /home/user/simulation_ws/install/turtlebot3_gazebo/share/turtlebot3_gazebo//models/play_cube_white/model.sdf
[65.761s] -- Installing: /home/user/simulation_ws/install/turtlebot3_gazebo/share/turtlebot3_gazebo//models/play_cube_white/model.config
[65.761s] -- Installing: /home/user/simulation_ws/install/turtlebot3_gazebo/share/turtlebot3_gazebo//models/ar_tag_4
[65.761s] -- Installing: /home/user/simulation_ws/install/turtlebot3_gazebo/share/turtlebot3_gazebo//models/ar_tag_4/model.sdf
[65.762s] -- Installing: /home/user/simulation_ws/install/turtlebot3_gazebo/share/turtlebot3_gazebo//models/ar_tag_4/model.config
[65.762s] -- Installing: /home/user/simulation_ws/install/turtlebot3_gazebo/share/turtlebot3_gazebo//models/road_charging_3
[65.762s] -- Installing: /home/user/simulation_ws/install/turtlebot3_gazebo/share/turtlebot3_gazebo//models/road_charging_3/model.sdf
[65.762s] -- Installing: /home/user/simulation_ws/install/turtlebot3_gazebo/share/turtlebot3_gazebo//models/road_charging_3/model.config
[65.762s] -- Installing: /home/user/simulation_ws/install/turtlebot3_gazebo/share/turtlebot3_gazebo//models/grasping_plate
[65.762s] -- Installing: /home/user/simulation_ws/install/turtlebot3_gazebo/share/turtlebot3_gazebo//models/grasping_plate/model.sdf
[65.762s] -- Installing: /home/user/simulation_ws/install/turtlebot3_gazebo/share/turtlebot3_gazebo//models/grasping_plate/model.config
[65.762s] -- Installing: /home/user/simulation_ws/install/turtlebot3_gazebo/share/turtlebot3_gazebo//models/pedestrian
[65.762s] -- Installing: /home/user/simulation_ws/install/turtlebot3_gazebo/share/turtlebot3_gazebo//models/pedestrian/model.sdf
[65.763s] -- Installing: /home/user/simulation_ws/install/turtlebot3_gazebo/share/turtlebot3_gazebo//models/pedestrian/meshes
[65.763s] -- Installing: /home/user/simulation_ws/install/turtlebot3_gazebo/share/turtlebot3_gazebo//models/pedestrian/meshes/Lego-Person-v001.mtl
[65.763s] -- Installing: /home/user/simulation_ws/install/turtlebot3_gazebo/share/turtlebot3_gazebo//models/pedestrian/meshes/LowPolyAnimations4Game.obj
[65.763s] -- Installing: /home/user/simulation_ws/install/turtlebot3_gazebo/share/turtlebot3_gazebo//models/pedestrian/meshes/pedestrian1.dae
[65.764s] -- Installing: /home/user/simulation_ws/install/turtlebot3_gazebo/share/turtlebot3_gazebo//models/pedestrian/meshes/LowPolyAnimations4Game.mtl
[65.764s] -- Installing: /home/user/simulation_ws/install/turtlebot3_gazebo/share/turtlebot3_gazebo//models/pedestrian/meshes/pedestrian2.dae
[65.765s] -- Installing: /home/user/simulation_ws/install/turtlebot3_gazebo/share/turtlebot3_gazebo//models/pedestrian/meshes/Lego-Person-v001.obj
[65.786s] -- Installing: /home/user/simulation_ws/install/turtlebot3_gazebo/share/turtlebot3_gazebo//models/pedestrian/blender
[65.786s] -- Installing: /home/user/simulation_ws/install/turtlebot3_gazebo/share/turtlebot3_gazebo//models/pedestrian/blender/pedestrian_theconstructcolours.blend1
[65.788s] -- Installing: /home/user/simulation_ws/install/turtlebot3_gazebo/share/turtlebot3_gazebo//models/pedestrian/blender/walking-character
[65.788s] -- Installing: /home/user/simulation_ws/install/turtlebot3_gazebo/share/turtlebot3_gazebo//models/pedestrian/blender/walking-character/93731 - LICENSE.html
[65.788s] -- Installing: /home/user/simulation_ws/install/turtlebot3_gazebo/share/turtlebot3_gazebo//models/pedestrian/blender/walking-character/LowPolyAnimations4Game.blend
[65.791s] -- Installing: /home/user/simulation_ws/install/turtlebot3_gazebo/share/turtlebot3_gazebo//models/pedestrian/blender/lego-person-w-face-texture-rig
[65.792s] -- Installing: /home/user/simulation_ws/install/turtlebot3_gazebo/share/turtlebot3_gazebo//models/pedestrian/blender/lego-person-w-face-texture-rig/86309 - LICENSE.html
[65.792s] -- Installing: /home/user/simulation_ws/install/turtlebot3_gazebo/share/turtlebot3_gazebo//models/pedestrian/blender/lego-person-w-face-texture-rig/Lego-Person-v001.blend
[65.795s] -- Installing: /home/user/simulation_ws/install/turtlebot3_gazebo/share/turtlebot3_gazebo//models/pedestrian/blender/pedestrian_theconstructcolours.blend
[65.797s] -- Installing: /home/user/simulation_ws/install/turtlebot3_gazebo/share/turtlebot3_gazebo//models/pedestrian/blender/guy-character-rig
[65.797s] -- Installing: /home/user/simulation_ws/install/turtlebot3_gazebo/share/turtlebot3_gazebo//models/pedestrian/blender/guy-character-rig/BLENDSWAP_LICENSE.txt
[65.797s] -- Installing: /home/user/simulation_ws/install/turtlebot3_gazebo/share/turtlebot3_gazebo//models/pedestrian/blender/guy-character-rig/Guy.blend
[65.803s] -- Installing: /home/user/simulation_ws/install/turtlebot3_gazebo/share/turtlebot3_gazebo//models/pedestrian/model.config
[65.803s] -- Installing: /home/user/simulation_ws/install/turtlebot3_gazebo/share/turtlebot3_gazebo//models/ring_road_v2
[65.803s] -- Installing: /home/user/simulation_ws/install/turtlebot3_gazebo/share/turtlebot3_gazebo//models/ring_road_v2/model.sdf
[65.803s] -- Installing: /home/user/simulation_ws/install/turtlebot3_gazebo/share/turtlebot3_gazebo//models/ring_road_v2/meshes
[65.804s] -- Installing: /home/user/simulation_ws/install/turtlebot3_gazebo/share/turtlebot3_gazebo//models/ring_road_v2/meshes/walls.blend1
[65.806s] -- Installing: /home/user/simulation_ws/install/turtlebot3_gazebo/share/turtlebot3_gazebo//models/ring_road_v2/meshes/gradient.png
[65.806s] -- Installing: /home/user/simulation_ws/install/turtlebot3_gazebo/share/turtlebot3_gazebo//models/ring_road_v2/meshes/Robotnik_Automation_logo.jpg
[65.806s] -- Installing: /home/user/simulation_ws/install/turtlebot3_gazebo/share/turtlebot3_gazebo//models/ring_road_v2/meshes/Circuit_lab_The_Construct_2020.png
[65.807s] -- Installing: /home/user/simulation_ws/install/turtlebot3_gazebo/share/turtlebot3_gazebo//models/ring_road_v2/meshes/gradient_ilustration.jpg
[65.807s] -- Installing: /home/user/simulation_ws/install/turtlebot3_gazebo/share/turtlebot3_gazebo//models/ring_road_v2/meshes/ring_v2.dae
[65.807s] -- Installing: /home/user/simulation_ws/install/turtlebot3_gazebo/share/turtlebot3_gazebo//models/ring_road_v2/meshes/ring_v2.blend1
[65.808s] -- Installing: /home/user/simulation_ws/install/turtlebot3_gazebo/share/turtlebot3_gazebo//models/ring_road_v2/meshes/farming-farms-agriculture-rural-countryside-landscape-green-country-tractor.jpg
[65.809s] -- Installing: /home/user/simulation_ws/install/turtlebot3_gazebo/share/turtlebot3_gazebo//models/ring_road_v2/meshes/walls.blend
[65.810s] -- Installing: /home/user/simulation_ws/install/turtlebot3_gazebo/share/turtlebot3_gazebo//models/ring_road_v2/meshes/nvidia-logo.jpg
[65.810s] -- Installing: /home/user/simulation_ws/install/turtlebot3_gazebo/share/turtlebot3_gazebo//models/ring_road_v2/meshes/Circuit_lab_The_Construct_2020.pdf
[65.812s] -- Installing: /home/user/simulation_ws/install/turtlebot3_gazebo/share/turtlebot3_gazebo//models/ring_road_v2/meshes/ring_v2.blend
[65.813s] -- Installing: /home/user/simulation_ws/install/turtlebot3_gazebo/share/turtlebot3_gazebo//models/ring_road_v2/model.config
[65.813s] -- Installing: /home/user/simulation_ws/install/turtlebot3_gazebo/share/turtlebot3_gazebo//models/triangular_prism
[65.813s] -- Installing: /home/user/simulation_ws/install/turtlebot3_gazebo/share/turtlebot3_gazebo//models/triangular_prism/model.sdf
[65.813s] -- Installing: /home/user/simulation_ws/install/turtlebot3_gazebo/share/turtlebot3_gazebo//models/triangular_prism/meshes
[65.813s] -- Installing: /home/user/simulation_ws/install/turtlebot3_gazebo/share/turtlebot3_gazebo//models/triangular_prism/meshes/triangular_prism.dae
[65.813s] -- Installing: /home/user/simulation_ws/install/turtlebot3_gazebo/share/turtlebot3_gazebo//models/triangular_prism/model.config
[65.813s] -- Installing: /home/user/simulation_ws/install/turtlebot3_gazebo/share/turtlebot3_gazebo//models/play_cube_blue
[65.813s] -- Installing: /home/user/simulation_ws/install/turtlebot3_gazebo/share/turtlebot3_gazebo//models/play_cube_blue/model.sdf
[65.814s] -- Installing: /home/user/simulation_ws/install/turtlebot3_gazebo/share/turtlebot3_gazebo//models/play_cube_blue/model.config
[65.814s] -- Installing: /home/user/simulation_ws/install/turtlebot3_gazebo/share/turtlebot3_gazebo//models/turtlebot3_dqn_world
[65.814s] -- Installing: /home/user/simulation_ws/install/turtlebot3_gazebo/share/turtlebot3_gazebo//models/turtlebot3_dqn_world/goal_box
[65.814s] -- Installing: /home/user/simulation_ws/install/turtlebot3_gazebo/share/turtlebot3_gazebo//models/turtlebot3_dqn_world/goal_box/model.sdf
[65.814s] -- Installing: /home/user/simulation_ws/install/turtlebot3_gazebo/share/turtlebot3_gazebo//models/turtlebot3_dqn_world/goal_box/model.config
[65.814s] -- Installing: /home/user/simulation_ws/install/turtlebot3_gazebo/share/turtlebot3_gazebo//models/turtlebot3_dqn_world/model.sdf
[65.814s] -- Installing: /home/user/simulation_ws/install/turtlebot3_gazebo/share/turtlebot3_gazebo//models/turtlebot3_dqn_world/obstacle2
[65.814s] -- Installing: /home/user/simulation_ws/install/turtlebot3_gazebo/share/turtlebot3_gazebo//models/turtlebot3_dqn_world/obstacle2/model.sdf
[65.814s] -- Installing: /home/user/simulation_ws/install/turtlebot3_gazebo/share/turtlebot3_gazebo//models/turtlebot3_dqn_world/obstacle2/model.config
[65.815s] -- Installing: /home/user/simulation_ws/install/turtlebot3_gazebo/share/turtlebot3_gazebo//models/turtlebot3_dqn_world/inner_walls
[65.815s] -- Installing: /home/user/simulation_ws/install/turtlebot3_gazebo/share/turtlebot3_gazebo//models/turtlebot3_dqn_world/inner_walls/model.sdf
[65.815s] -- Installing: /home/user/simulation_ws/install/turtlebot3_gazebo/share/turtlebot3_gazebo//models/turtlebot3_dqn_world/inner_walls/model.config
[65.815s] -- Installing: /home/user/simulation_ws/install/turtlebot3_gazebo/share/turtlebot3_gazebo//models/turtlebot3_dqn_world/obstacle_plugin
[65.815s] -- Installing: /home/user/simulation_ws/install/turtlebot3_gazebo/share/turtlebot3_gazebo//models/turtlebot3_dqn_world/obstacle_plugin/obstacle2.cc
[65.815s] -- Installing: /home/user/simulation_ws/install/turtlebot3_gazebo/share/turtlebot3_gazebo//models/turtlebot3_dqn_world/obstacle_plugin/obstacles.cc
[65.815s] -- Installing: /home/user/simulation_ws/install/turtlebot3_gazebo/share/turtlebot3_gazebo//models/turtlebot3_dqn_world/obstacle_plugin/obstacle1.cc
[65.815s] -- Installing: /home/user/simulation_ws/install/turtlebot3_gazebo/share/turtlebot3_gazebo//models/turtlebot3_dqn_world/obstacle_plugin/CMakeLists.txt
[65.816s] -- Installing: /home/user/simulation_ws/install/turtlebot3_gazebo/share/turtlebot3_gazebo//models/turtlebot3_dqn_world/obstacle1
[65.816s] -- Installing: /home/user/simulation_ws/install/turtlebot3_gazebo/share/turtlebot3_gazebo//models/turtlebot3_dqn_world/obstacle1/model.sdf
[65.816s] -- Installing: /home/user/simulation_ws/install/turtlebot3_gazebo/share/turtlebot3_gazebo//models/turtlebot3_dqn_world/obstacle1/model.config
[65.816s] -- Installing: /home/user/simulation_ws/install/turtlebot3_gazebo/share/turtlebot3_gazebo//models/turtlebot3_dqn_world/model.config
[65.816s] -- Installing: /home/user/simulation_ws/install/turtlebot3_gazebo/share/turtlebot3_gazebo//models/turtlebot3_dqn_world/obstacles
[65.816s] -- Installing: /home/user/simulation_ws/install/turtlebot3_gazebo/share/turtlebot3_gazebo//models/turtlebot3_dqn_world/obstacles/model.sdf
[65.816s] -- Installing: /home/user/simulation_ws/install/turtlebot3_gazebo/share/turtlebot3_gazebo//models/turtlebot3_dqn_world/obstacles/model.config
[65.816s] -- Installing: /home/user/simulation_ws/install/turtlebot3_gazebo/share/turtlebot3_gazebo//models/play_cube_orange
[65.816s] -- Installing: /home/user/simulation_ws/install/turtlebot3_gazebo/share/turtlebot3_gazebo//models/play_cube_orange/model.sdf
[65.817s] -- Installing: /home/user/simulation_ws/install/turtlebot3_gazebo/share/turtlebot3_gazebo//models/play_cube_orange/model.config
[65.817s] -- Installing: /home/user/simulation_ws/install/turtlebot3_gazebo/share/turtlebot3_gazebo//models/robotarm_floor_v1
[65.817s] -- Installing: /home/user/simulation_ws/install/turtlebot3_gazebo/share/turtlebot3_gazebo//models/robotarm_floor_v1/model.sdf
[65.817s] -- Installing: /home/user/simulation_ws/install/turtlebot3_gazebo/share/turtlebot3_gazebo//models/robotarm_floor_v1/meshes
[65.817s] -- Installing: /home/user/simulation_ws/install/turtlebot3_gazebo/share/turtlebot3_gazebo//models/robotarm_floor_v1/meshes/robotarm_floor_v1.blend
[65.818s] -- Installing: /home/user/simulation_ws/install/turtlebot3_gazebo/share/turtlebot3_gazebo//models/robotarm_floor_v1/meshes/robotarm_floor_v1.dae
[65.818s] -- Installing: /home/user/simulation_ws/install/turtlebot3_gazebo/share/turtlebot3_gazebo//models/robotarm_floor_v1/meshes/robotarm_floor_v1.blend1
[65.820s] -- Installing: /home/user/simulation_ws/install/turtlebot3_gazebo/share/turtlebot3_gazebo//models/robotarm_floor_v1/meshes/robotarm_floor_v1_texture.png
[65.821s] -- Installing: /home/user/simulation_ws/install/turtlebot3_gazebo/share/turtlebot3_gazebo//models/robotarm_floor_v1/meshes/floor_cube.stl
[65.821s] -- Installing: /home/user/simulation_ws/install/turtlebot3_gazebo/share/turtlebot3_gazebo//models/robotarm_floor_v1/model.config
[65.821s] -- Installing: /home/user/simulation_ws/install/turtlebot3_gazebo/share/turtlebot3_gazebo//models/cardboard_obstacle
[65.821s] -- Installing: /home/user/simulation_ws/install/turtlebot3_gazebo/share/turtlebot3_gazebo//models/cardboard_obstacle/model.sdf
[65.821s] -- Installing: /home/user/simulation_ws/install/turtlebot3_gazebo/share/turtlebot3_gazebo//models/cardboard_obstacle/model.config
[65.821s] -- Installing: /home/user/simulation_ws/install/turtlebot3_gazebo/share/turtlebot3_gazebo//models/turtlebot3_house
[65.821s] -- Installing: /home/user/simulation_ws/install/turtlebot3_gazebo/share/turtlebot3_gazebo//models/turtlebot3_house/model.sdf
[65.821s] -- Installing: /home/user/simulation_ws/install/turtlebot3_gazebo/share/turtlebot3_gazebo//models/turtlebot3_house/model.config
[65.821s] -- Installing: /home/user/simulation_ws/install/turtlebot3_gazebo/share/turtlebot3_gazebo//models/road_inter_new
[65.821s] -- Installing: /home/user/simulation_ws/install/turtlebot3_gazebo/share/turtlebot3_gazebo//models/road_inter_new/thumbnails
[65.821s] -- Installing: /home/user/simulation_ws/install/turtlebot3_gazebo/share/turtlebot3_gazebo//models/road_inter_new/thumbnails/0.png
[65.822s] -- Installing: /home/user/simulation_ws/install/turtlebot3_gazebo/share/turtlebot3_gazebo//models/road_inter_new/materials
[65.822s] -- Installing: /home/user/simulation_ws/install/turtlebot3_gazebo/share/turtlebot3_gazebo//models/road_inter_new/materials/scripts
[65.822s] -- Installing: /home/user/simulation_ws/install/turtlebot3_gazebo/share/turtlebot3_gazebo//models/road_inter_new/materials/scripts/inter.material
[65.822s] -- Installing: /home/user/simulation_ws/install/turtlebot3_gazebo/share/turtlebot3_gazebo//models/road_inter_new/materials/textures
[65.823s] -- Installing: /home/user/simulation_ws/install/turtlebot3_gazebo/share/turtlebot3_gazebo//models/road_inter_new/materials/textures/road_i.png
[65.823s] -- Installing: /home/user/simulation_ws/install/turtlebot3_gazebo/share/turtlebot3_gazebo//models/road_inter_new/model.sdf
[65.823s] -- Installing: /home/user/simulation_ws/install/turtlebot3_gazebo/share/turtlebot3_gazebo//models/road_inter_new/model.config
[65.823s] -- Installing: /home/user/simulation_ws/install/turtlebot3_gazebo/share/turtlebot3_gazebo//models/road_diag_new
[65.823s] -- Installing: /home/user/simulation_ws/install/turtlebot3_gazebo/share/turtlebot3_gazebo//models/road_diag_new/thumbnails
[65.824s] -- Installing: /home/user/simulation_ws/install/turtlebot3_gazebo/share/turtlebot3_gazebo//models/road_diag_new/thumbnails/0.png
[65.824s] -- Installing: /home/user/simulation_ws/install/turtlebot3_gazebo/share/turtlebot3_gazebo//models/road_diag_new/materials
[65.824s] -- Installing: /home/user/simulation_ws/install/turtlebot3_gazebo/share/turtlebot3_gazebo//models/road_diag_new/materials/scripts
[65.824s] -- Installing: /home/user/simulation_ws/install/turtlebot3_gazebo/share/turtlebot3_gazebo//models/road_diag_new/materials/scripts/diag.material
[65.824s] -- Installing: /home/user/simulation_ws/install/turtlebot3_gazebo/share/turtlebot3_gazebo//models/road_diag_new/materials/textures
[65.824s] -- Installing: /home/user/simulation_ws/install/turtlebot3_gazebo/share/turtlebot3_gazebo//models/road_diag_new/materials/textures/road_d.png
[65.825s] -- Installing: /home/user/simulation_ws/install/turtlebot3_gazebo/share/turtlebot3_gazebo//models/road_diag_new/model.sdf
[65.825s] -- Installing: /home/user/simulation_ws/install/turtlebot3_gazebo/share/turtlebot3_gazebo//models/road_diag_new/model.config
[65.825s] -- Installing: /home/user/simulation_ws/install/turtlebot3_gazebo/share/turtlebot3_gazebo//models/play_cube_yellow
[65.825s] -- Installing: /home/user/simulation_ws/install/turtlebot3_gazebo/share/turtlebot3_gazebo//models/play_cube_yellow/model.sdf
[65.825s] -- Installing: /home/user/simulation_ws/install/turtlebot3_gazebo/share/turtlebot3_gazebo//models/play_cube_yellow/model.config
[65.825s] -- Installing: /home/user/simulation_ws/install/turtlebot3_gazebo/share/turtlebot3_gazebo//models/ring_road
[65.826s] -- Installing: /home/user/simulation_ws/install/turtlebot3_gazebo/share/turtlebot3_gazebo//models/ring_road/model.sdf
[65.826s] -- Installing: /home/user/simulation_ws/install/turtlebot3_gazebo/share/turtlebot3_gazebo//models/ring_road/meshes
[65.826s] -- Installing: /home/user/simulation_ws/install/turtlebot3_gazebo/share/turtlebot3_gazebo//models/ring_road/meshes/RingCircuit.png
[65.829s] -- Installing: /home/user/simulation_ws/install/turtlebot3_gazebo/share/turtlebot3_gazebo//models/ring_road/meshes/ring_road.dae
[65.829s] -- Installing: /home/user/simulation_ws/install/turtlebot3_gazebo/share/turtlebot3_gazebo//models/ring_road/blender
[65.829s] -- Installing: /home/user/simulation_ws/install/turtlebot3_gazebo/share/turtlebot3_gazebo//models/ring_road/blender/road.blend
[65.830s] -- Installing: /home/user/simulation_ws/install/turtlebot3_gazebo/share/turtlebot3_gazebo//models/ring_road/blender/road.blend1
[65.831s] -- Installing: /home/user/simulation_ws/install/turtlebot3_gazebo/share/turtlebot3_gazebo//models/ring_road/model.config
[65.831s] -- Installing: /home/user/simulation_ws/install/turtlebot3_gazebo/share/turtlebot3_gazebo//models/turtlebot3_common
[65.831s] -- Installing: /home/user/simulation_ws/install/turtlebot3_gazebo/share/turtlebot3_gazebo//models/turtlebot3_common/meshes
[65.831s] -- Installing: /home/user/simulation_ws/install/turtlebot3_gazebo/share/turtlebot3_gazebo//models/turtlebot3_common/meshes/tire.dae
[65.832s] -- Installing: /home/user/simulation_ws/install/turtlebot3_gazebo/share/turtlebot3_gazebo//models/turtlebot3_common/meshes/waffle_base.dae
[65.832s] -- Installing: /home/user/simulation_ws/install/turtlebot3_gazebo/share/turtlebot3_gazebo//models/turtlebot3_common/meshes/r200.dae
[65.832s] -- Installing: /home/user/simulation_ws/install/turtlebot3_gazebo/share/turtlebot3_gazebo//models/turtlebot3_common/meshes/lds.dae
[65.832s] -- Installing: /home/user/simulation_ws/install/turtlebot3_gazebo/share/turtlebot3_gazebo//models/turtlebot3_common/meshes/waffle_pi_base.dae
[65.832s] -- Installing: /home/user/simulation_ws/install/turtlebot3_gazebo/share/turtlebot3_gazebo//models/turtlebot3_common/meshes/burger_base.dae
[65.833s] -- Installing: /home/user/simulation_ws/install/turtlebot3_gazebo/share/turtlebot3_gazebo//models/turtlebot3_common/model.config
[65.833s] -- Installing: /home/user/simulation_ws/install/turtlebot3_gazebo/share/turtlebot3_gazebo//models/street_sign_turnban
[65.833s] -- Installing: /home/user/simulation_ws/install/turtlebot3_gazebo/share/turtlebot3_gazebo//models/street_sign_turnban/model.sdf
[65.833s] -- Installing: /home/user/simulation_ws/install/turtlebot3_gazebo/share/turtlebot3_gazebo//models/street_sign_turnban/meshes
[65.833s] -- Installing: /home/user/simulation_ws/install/turtlebot3_gazebo/share/turtlebot3_gazebo//models/street_sign_turnban/meshes/roadsing_turnban.dae
[65.833s] -- Installing: /home/user/simulation_ws/install/turtlebot3_gazebo/share/turtlebot3_gazebo//models/street_sign_turnban/meshes/turnban.png
[65.833s] -- Installing: /home/user/simulation_ws/install/turtlebot3_gazebo/share/turtlebot3_gazebo//models/street_sign_turnban/meshes/roadsing_turnban_v2.dae
[65.834s] -- Installing: /home/user/simulation_ws/install/turtlebot3_gazebo/share/turtlebot3_gazebo//models/street_sign_turnban/blender
[65.834s] -- Installing: /home/user/simulation_ws/install/turtlebot3_gazebo/share/turtlebot3_gazebo//models/street_sign_turnban/blender/uk-road-signs-pack-1-updated-version
[65.834s] -- Installing: /home/user/simulation_ws/install/turtlebot3_gazebo/share/turtlebot3_gazebo//models/street_sign_turnban/blender/uk-road-signs-pack-1-updated-version/BLENDSWAP_LICENSE.txt
[65.834s] -- Installing: /home/user/simulation_ws/install/turtlebot3_gazebo/share/turtlebot3_gazebo//models/street_sign_turnban/blender/uk-road-signs-pack-1-updated-version/road signs - pack 1 by Richard Edwards.blend
[65.836s] -- Installing: /home/user/simulation_ws/install/turtlebot3_gazebo/share/turtlebot3_gazebo//models/street_sign_turnban/blender/roadsing_turnban.blend
[65.836s] -- Installing: /home/user/simulation_ws/install/turtlebot3_gazebo/share/turtlebot3_gazebo//models/street_sign_turnban/blender/roadsing_turnban_v2.blend
[65.837s] -- Installing: /home/user/simulation_ws/install/turtlebot3_gazebo/share/turtlebot3_gazebo//models/street_sign_turnban/blender/german-street-signs
[65.837s] -- Installing: /home/user/simulation_ws/install/turtlebot3_gazebo/share/turtlebot3_gazebo//models/street_sign_turnban/blender/german-street-signs/street_signs_all.blend
[65.877s] -- Installing: /home/user/simulation_ws/install/turtlebot3_gazebo/share/turtlebot3_gazebo//models/street_sign_turnban/blender/german-street-signs/93735 - LICENSE.html
[65.877s] -- Installing: /home/user/simulation_ws/install/turtlebot3_gazebo/share/turtlebot3_gazebo//models/street_sign_turnban/blender/roadsing_turnban.blend1
[65.878s] -- Installing: /home/user/simulation_ws/install/turtlebot3_gazebo/share/turtlebot3_gazebo//models/street_sign_turnban/blender/roadsign_custom.blend
[65.879s] -- Installing: /home/user/simulation_ws/install/turtlebot3_gazebo/share/turtlebot3_gazebo//models/street_sign_turnban/model.config
[65.879s] -- Installing: /home/user/simulation_ws/install/turtlebot3_gazebo/share/turtlebot3_gazebo//models/sensors
[65.879s] -- Installing: /home/user/simulation_ws/install/turtlebot3_gazebo/share/turtlebot3_gazebo//models/sensors/r200.jpg
[65.880s] -- Installing: /home/user/simulation_ws/install/turtlebot3_gazebo/share/turtlebot3_gazebo//models/sensors/r200.dae
[65.881s] -- Installing: /home/user/simulation_ws/install/turtlebot3_gazebo/share/turtlebot3_gazebo//models/sensors/astra.jpg
[65.881s] -- Installing: /home/user/simulation_ws/install/turtlebot3_gazebo/share/turtlebot3_gazebo//models/sensors/astra.dae
[65.893s] -- Installing: /home/user/simulation_ws/install/turtlebot3_gazebo/share/turtlebot3_gazebo//models/sensors/lds.stl
[65.894s] -- Installing: /home/user/simulation_ws/install/turtlebot3_gazebo/share/turtlebot3_gazebo//models/working_wall_3
[65.894s] -- Installing: /home/user/simulation_ws/install/turtlebot3_gazebo/share/turtlebot3_gazebo//models/working_wall_3/model.sdf
[65.894s] -- Installing: /home/user/simulation_ws/install/turtlebot3_gazebo/share/turtlebot3_gazebo//models/working_wall_3/model.config
[65.894s] -- Installing: /home/user/simulation_ws/install/turtlebot3_gazebo/share/turtlebot3_gazebo//models/ar_tag_7
[65.894s] -- Installing: /home/user/simulation_ws/install/turtlebot3_gazebo/share/turtlebot3_gazebo//models/ar_tag_7/model.sdf
[65.894s] -- Installing: /home/user/simulation_ws/install/turtlebot3_gazebo/share/turtlebot3_gazebo//models/ar_tag_7/model.config
[65.895s] -- Installing: /home/user/simulation_ws/install/turtlebot3_gazebo/share/turtlebot3_gazebo//models/working_wall_1
[65.895s] -- Installing: /home/user/simulation_ws/install/turtlebot3_gazebo/share/turtlebot3_gazebo//models/working_wall_1/model.sdf
[65.895s] -- Installing: /home/user/simulation_ws/install/turtlebot3_gazebo/share/turtlebot3_gazebo//models/working_wall_1/model.config
[65.895s] -- Installing: /home/user/simulation_ws/install/turtlebot3_gazebo/share/turtlebot3_gazebo//models/overlord_camera
[65.896s] -- Installing: /home/user/simulation_ws/install/turtlebot3_gazebo/share/turtlebot3_gazebo//models/overlord_camera/model.sdf
[65.896s] -- Installing: /home/user/simulation_ws/install/turtlebot3_gazebo/share/turtlebot3_gazebo//models/overlord_camera/model.config
[65.896s] -- Installing: /home/user/simulation_ws/install/turtlebot3_gazebo/share/turtlebot3_gazebo//models/working_wall_2_clone
[65.896s] -- Installing: /home/user/simulation_ws/install/turtlebot3_gazebo/share/turtlebot3_gazebo//models/working_wall_2_clone/model.sdf
[65.896s] -- Installing: /home/user/simulation_ws/install/turtlebot3_gazebo/share/turtlebot3_gazebo//models/working_wall_2_clone/model.config
[65.896s] -- Installing: /home/user/simulation_ws/install/turtlebot3_gazebo/share/turtlebot3_gazebo//models/stop_sign_prism
[65.896s] -- Installing: /home/user/simulation_ws/install/turtlebot3_gazebo/share/turtlebot3_gazebo//models/stop_sign_prism/model.sdf
[65.896s] -- Installing: /home/user/simulation_ws/install/turtlebot3_gazebo/share/turtlebot3_gazebo//models/stop_sign_prism/meshes
[65.896s] -- Installing: /home/user/simulation_ws/install/turtlebot3_gazebo/share/turtlebot3_gazebo//models/stop_sign_prism/meshes/signal_stop.dae
[65.896s] -- Installing: /home/user/simulation_ws/install/turtlebot3_gazebo/share/turtlebot3_gazebo//models/stop_sign_prism/meshes/stop.jpg
[65.896s] -- Installing: /home/user/simulation_ws/install/turtlebot3_gazebo/share/turtlebot3_gazebo//models/stop_sign_prism/meshes/signal_stop_fix.dae
[65.896s] -- Installing: /home/user/simulation_ws/install/turtlebot3_gazebo/share/turtlebot3_gazebo//models/stop_sign_prism/model.config
[65.897s] -- Installing: /home/user/simulation_ws/install/turtlebot3_gazebo/share/turtlebot3_gazebo//models/play_cube_pink
[65.897s] -- Installing: /home/user/simulation_ws/install/turtlebot3_gazebo/share/turtlebot3_gazebo//models/play_cube_pink/model.sdf
[65.897s] -- Installing: /home/user/simulation_ws/install/turtlebot3_gazebo/share/turtlebot3_gazebo//models/play_cube_pink/model.config
[65.897s] -- Installing: /home/user/simulation_ws/install/turtlebot3_gazebo/share/turtlebot3_gazebo//models/turtlebot3_burger
[65.897s] -- Installing: /home/user/simulation_ws/install/turtlebot3_gazebo/share/turtlebot3_gazebo//models/turtlebot3_burger/model.sdf
[65.898s] -- Installing: /home/user/simulation_ws/install/turtlebot3_gazebo/share/turtlebot3_gazebo//models/turtlebot3_burger/meshes
[65.898s] -- Installing: /home/user/simulation_ws/install/turtlebot3_gazebo/share/turtlebot3_gazebo//models/turtlebot3_burger/meshes/right_tire.stl
[65.899s] -- Installing: /home/user/simulation_ws/install/turtlebot3_gazebo/share/turtlebot3_gazebo//models/turtlebot3_burger/meshes/lds_v2_single.dae
[65.901s] -- Installing: /home/user/simulation_ws/install/turtlebot3_gazebo/share/turtlebot3_gazebo//models/turtlebot3_burger/meshes/right_tire_v2.dae
[65.904s] -- Installing: /home/user/simulation_ws/install/turtlebot3_gazebo/share/turtlebot3_gazebo//models/turtlebot3_burger/meshes/burguer_textures.png
[65.904s] -- Installing: /home/user/simulation_ws/install/turtlebot3_gazebo/share/turtlebot3_gazebo//models/turtlebot3_burger/meshes/burger_base_v2_single.dae
[65.923s] -- Installing: /home/user/simulation_ws/install/turtlebot3_gazebo/share/turtlebot3_gazebo//models/turtlebot3_burger/meshes/burger_base.stl
[65.929s] -- Installing: /home/user/simulation_ws/install/turtlebot3_gazebo/share/turtlebot3_gazebo//models/turtlebot3_burger/meshes/left_tire.stl
[65.931s] -- Installing: /home/user/simulation_ws/install/turtlebot3_gazebo/share/turtlebot3_gazebo//models/turtlebot3_burger/meshes/cam.dae
[65.931s] -- Installing: /home/user/simulation_ws/install/turtlebot3_gazebo/share/turtlebot3_gazebo//models/turtlebot3_burger/meshes/left_tire_v2.dae
[65.934s] -- Installing: /home/user/simulation_ws/install/turtlebot3_gazebo/share/turtlebot3_gazebo//models/turtlebot3_burger/meshes/black.png
[65.934s] -- Installing: /home/user/simulation_ws/install/turtlebot3_gazebo/share/turtlebot3_gazebo//models/turtlebot3_burger/meshes/lds.stl
[65.935s] -- Installing: /home/user/simulation_ws/install/turtlebot3_gazebo/share/turtlebot3_gazebo//models/turtlebot3_burger/model-1_4.sdf
[65.935s] -- Installing: /home/user/simulation_ws/install/turtlebot3_gazebo/share/turtlebot3_gazebo//models/turtlebot3_burger/meshes_dae
[65.935s] -- Installing: /home/user/simulation_ws/install/turtlebot3_gazebo/share/turtlebot3_gazebo//models/turtlebot3_burger/meshes_dae/lds.dae
[65.938s] -- Installing: /home/user/simulation_ws/install/turtlebot3_gazebo/share/turtlebot3_gazebo//models/turtlebot3_burger/meshes_dae/burger_base.dae
[65.954s] -- Installing: /home/user/simulation_ws/install/turtlebot3_gazebo/share/turtlebot3_gazebo//models/turtlebot3_burger/meshes_dae/right_tire.dae
[65.958s] -- Installing: /home/user/simulation_ws/install/turtlebot3_gazebo/share/turtlebot3_gazebo//models/turtlebot3_burger/meshes_dae/left_tire.dae
[65.962s] -- Installing: /home/user/simulation_ws/install/turtlebot3_gazebo/share/turtlebot3_gazebo//models/turtlebot3_burger/model.config
[65.962s] -- Installing: /home/user/simulation_ws/install/turtlebot3_gazebo/share/turtlebot3_gazebo//models/turtlebot3_waffle_pi
[65.962s] -- Installing: /home/user/simulation_ws/install/turtlebot3_gazebo/share/turtlebot3_gazebo//models/turtlebot3_waffle_pi/model-1_4_.sdf
[65.963s] -- Installing: /home/user/simulation_ws/install/turtlebot3_gazebo/share/turtlebot3_gazebo//models/turtlebot3_waffle_pi/model.sdf
[65.964s] -- Installing: /home/user/simulation_ws/install/turtlebot3_gazebo/share/turtlebot3_gazebo//models/turtlebot3_waffle_pi/model.config
[65.964s] -- Installing: /home/user/simulation_ws/install/turtlebot3_gazebo/share/turtlebot3_gazebo//models/kinect_camera
[65.964s] -- Installing: /home/user/simulation_ws/install/turtlebot3_gazebo/share/turtlebot3_gazebo//models/kinect_camera/materials
[65.964s] -- Installing: /home/user/simulation_ws/install/turtlebot3_gazebo/share/turtlebot3_gazebo//models/kinect_camera/materials/textures
[65.964s] -- Installing: /home/user/simulation_ws/install/turtlebot3_gazebo/share/turtlebot3_gazebo//models/kinect_camera/materials/textures/kinect.png
[65.964s] -- Installing: /home/user/simulation_ws/install/turtlebot3_gazebo/share/turtlebot3_gazebo//models/kinect_camera/model.sdf
[65.964s] -- Installing: /home/user/simulation_ws/install/turtlebot3_gazebo/share/turtlebot3_gazebo//models/kinect_camera/meshes
[65.964s] -- Installing: /home/user/simulation_ws/install/turtlebot3_gazebo/share/turtlebot3_gazebo//models/kinect_camera/meshes/kinect.dae
[65.966s] -- Installing: /home/user/simulation_ws/install/turtlebot3_gazebo/share/turtlebot3_gazebo//models/kinect_camera/model.config
[65.966s] -- Installing: /home/user/simulation_ws/install/turtlebot3_gazebo/share/turtlebot3_gazebo//models/kinect_camera/kinect.xml
[65.966s] -- Installing: /home/user/simulation_ws/install/turtlebot3_gazebo/share/turtlebot3_gazebo//models/turtlebot3_burger_old
[65.966s] -- Installing: /home/user/simulation_ws/install/turtlebot3_gazebo/share/turtlebot3_gazebo//models/turtlebot3_burger_old/model.sdf
[65.966s] -- Installing: /home/user/simulation_ws/install/turtlebot3_gazebo/share/turtlebot3_gazebo//models/turtlebot3_burger_old/model-1_4.sdf
[65.966s] -- Installing: /home/user/simulation_ws/install/turtlebot3_gazebo/share/turtlebot3_gazebo//models/turtlebot3_burger_old/model.config
[65.966s] -- Installing: /home/user/simulation_ws/install/turtlebot3_gazebo/share/turtlebot3_gazebo//models/triangular_prism_pedestrian
[65.966s] -- Installing: /home/user/simulation_ws/install/turtlebot3_gazebo/share/turtlebot3_gazebo//models/triangular_prism_pedestrian/model.sdf
[65.967s] -- Installing: /home/user/simulation_ws/install/turtlebot3_gazebo/share/turtlebot3_gazebo//models/triangular_prism_pedestrian/model.config
[65.967s] -- Installing: /home/user/simulation_ws/install/turtlebot3_gazebo/share/turtlebot3_gazebo//models/ar_tag_3
[65.967s] -- Installing: /home/user/simulation_ws/install/turtlebot3_gazebo/share/turtlebot3_gazebo//models/ar_tag_3/model.sdf
[65.967s] -- Installing: /home/user/simulation_ws/install/turtlebot3_gazebo/share/turtlebot3_gazebo//models/ar_tag_3/model.config
[65.967s] -- Installing: /home/user/simulation_ws/install/turtlebot3_gazebo/share/turtlebot3_gazebo//models/trafficlight
[65.967s] -- Installing: /home/user/simulation_ws/install/turtlebot3_gazebo/share/turtlebot3_gazebo//models/trafficlight/model.sdf
[65.967s] -- Installing: /home/user/simulation_ws/install/turtlebot3_gazebo/share/turtlebot3_gazebo//models/trafficlight/meshes
[65.967s] -- Installing: /home/user/simulation_ws/install/turtlebot3_gazebo/share/turtlebot3_gazebo//models/trafficlight/meshes/trafficlights.obj
[65.967s] -- Installing: /home/user/simulation_ws/install/turtlebot3_gazebo/share/turtlebot3_gazebo//models/trafficlight/meshes/trafficlight2.dae
[65.968s] -- Installing: /home/user/simulation_ws/install/turtlebot3_gazebo/share/turtlebot3_gazebo//models/trafficlight/meshes/trafficlight.dae
[65.968s] -- Installing: /home/user/simulation_ws/install/turtlebot3_gazebo/share/turtlebot3_gazebo//models/trafficlight/meshes/TrafficLight.obj
[65.969s] -- Installing: /home/user/simulation_ws/install/turtlebot3_gazebo/share/turtlebot3_gazebo//models/trafficlight/meshes/trafficlights.mtl
[65.971s] -- Installing: /home/user/simulation_ws/install/turtlebot3_gazebo/share/turtlebot3_gazebo//models/trafficlight/meshes/TrafficLight.mtl
[65.972s] -- Installing: /home/user/simulation_ws/install/turtlebot3_gazebo/share/turtlebot3_gazebo//models/trafficlight/blender
[65.972s] -- Installing: /home/user/simulation_ws/install/turtlebot3_gazebo/share/turtlebot3_gazebo//models/trafficlight/blender/low-poly-traffic-light
[65.972s] -- Installing: /home/user/simulation_ws/install/turtlebot3_gazebo/share/turtlebot3_gazebo//models/trafficlight/blender/low-poly-traffic-light/Traffic Light.blend
[65.972s] -- Installing: /home/user/simulation_ws/install/turtlebot3_gazebo/share/turtlebot3_gazebo//models/trafficlight/blender/low-poly-traffic-light/Traffic Light.blend1
[65.974s] -- Installing: /home/user/simulation_ws/install/turtlebot3_gazebo/share/turtlebot3_gazebo//models/trafficlight/blender/low-poly-traffic-light/79768 - LICENSE.html
[65.974s] -- Installing: /home/user/simulation_ws/install/turtlebot3_gazebo/share/turtlebot3_gazebo//models/trafficlight/blender/trafficlightcustom.blend
[65.975s] -- Installing: /home/user/simulation_ws/install/turtlebot3_gazebo/share/turtlebot3_gazebo//models/trafficlight/blender/traffic-lights-usa-style
[65.975s] -- Installing: /home/user/simulation_ws/install/turtlebot3_gazebo/share/turtlebot3_gazebo//models/trafficlight/blender/traffic-lights-usa-style/BLENDSWAP_LICENSE.txt
[65.975s] -- Installing: /home/user/simulation_ws/install/turtlebot3_gazebo/share/turtlebot3_gazebo//models/trafficlight/blender/traffic-lights-usa-style/traffic lights.blend
[65.977s] -- Installing: /home/user/simulation_ws/install/turtlebot3_gazebo/share/turtlebot3_gazebo//models/trafficlight/blender/traffic-lights-usa-style/traffic lights.blend1
[65.980s] -- Installing: /home/user/simulation_ws/install/turtlebot3_gazebo/share/turtlebot3_gazebo//models/trafficlight/blender/trafficlightcustom.blend1
[65.981s] -- Installing: /home/user/simulation_ws/install/turtlebot3_gazebo/share/turtlebot3_gazebo//models/trafficlight/model.config
[65.981s] -- Installing: /home/user/simulation_ws/install/turtlebot3_gazebo/share/turtlebot3_gazebo//models/ar_tag_2
[65.981s] -- Installing: /home/user/simulation_ws/install/turtlebot3_gazebo/share/turtlebot3_gazebo//models/ar_tag_2/model.sdf
[65.981s] -- Installing: /home/user/simulation_ws/install/turtlebot3_gazebo/share/turtlebot3_gazebo//models/ar_tag_2/model.config
[65.981s] -- Installing: /home/user/simulation_ws/install/turtlebot3_gazebo/share/turtlebot3_gazebo//models/triangular_prism_stop
[65.981s] -- Installing: /home/user/simulation_ws/install/turtlebot3_gazebo/share/turtlebot3_gazebo//models/triangular_prism_stop/model.sdf
[65.981s] -- Installing: /home/user/simulation_ws/install/turtlebot3_gazebo/share/turtlebot3_gazebo//models/triangular_prism_stop/model.config
[65.982s] -- Installing: /home/user/simulation_ws/install/turtlebot3_gazebo/share/turtlebot3_gazebo//models/road_charging_4
[65.982s] -- Installing: /home/user/simulation_ws/install/turtlebot3_gazebo/share/turtlebot3_gazebo//models/road_charging_4/model.sdf
[65.982s] -- Installing: /home/user/simulation_ws/install/turtlebot3_gazebo/share/turtlebot3_gazebo//models/road_charging_4/model.config
[65.982s] -- Installing: /home/user/simulation_ws/install/turtlebot3_gazebo/share/turtlebot3_gazebo//models/road_charging_2
[65.982s] -- Installing: /home/user/simulation_ws/install/turtlebot3_gazebo/share/turtlebot3_gazebo//models/road_charging_2/model.sdf
[65.982s] -- Installing: /home/user/simulation_ws/install/turtlebot3_gazebo/share/turtlebot3_gazebo//models/road_charging_2/model.config
[65.982s] -- Installing: /home/user/simulation_ws/install/turtlebot3_gazebo/share/turtlebot3_gazebo//models/ar_tag_1
[65.982s] -- Installing: /home/user/simulation_ws/install/turtlebot3_gazebo/share/turtlebot3_gazebo//models/ar_tag_1/model.sdf
[65.982s] -- Installing: /home/user/simulation_ws/install/turtlebot3_gazebo/share/turtlebot3_gazebo//models/ar_tag_1/meshes
[65.982s] -- Installing: /home/user/simulation_ws/install/turtlebot3_gazebo/share/turtlebot3_gazebo//models/ar_tag_1/meshes/ar_tag_4.dae
[65.983s] -- Installing: /home/user/simulation_ws/install/turtlebot3_gazebo/share/turtlebot3_gazebo//models/ar_tag_1/meshes/ar_tag_7.dae
[65.983s] -- Installing: /home/user/simulation_ws/install/turtlebot3_gazebo/share/turtlebot3_gazebo//models/ar_tag_1/meshes/image_5.jpg
[65.983s] -- Installing: /home/user/simulation_ws/install/turtlebot3_gazebo/share/turtlebot3_gazebo//models/ar_tag_1/meshes/ar_tag_5.dae
[65.983s] -- Installing: /home/user/simulation_ws/install/turtlebot3_gazebo/share/turtlebot3_gazebo//models/ar_tag_1/meshes/image_6.jpg
[65.983s] -- Installing: /home/user/simulation_ws/install/turtlebot3_gazebo/share/turtlebot3_gazebo//models/ar_tag_1/meshes/image_7.jpg
[65.983s] -- Installing: /home/user/simulation_ws/install/turtlebot3_gazebo/share/turtlebot3_gazebo//models/ar_tag_1/meshes/ar_tag_2.dae
[65.983s] -- Installing: /home/user/simulation_ws/install/turtlebot3_gazebo/share/turtlebot3_gazebo//models/ar_tag_1/meshes/ar_tag_1.dae
[65.983s] -- Installing: /home/user/simulation_ws/install/turtlebot3_gazebo/share/turtlebot3_gazebo//models/ar_tag_1/meshes/image_4.jpg
[65.984s] -- Installing: /home/user/simulation_ws/install/turtlebot3_gazebo/share/turtlebot3_gazebo//models/ar_tag_1/meshes/image_3.jpg
[65.984s] -- Installing: /home/user/simulation_ws/install/turtlebot3_gazebo/share/turtlebot3_gazebo//models/ar_tag_1/meshes/image_2.jpg
[65.984s] -- Installing: /home/user/simulation_ws/install/turtlebot3_gazebo/share/turtlebot3_gazebo//models/ar_tag_1/meshes/ar_tag_3.dae
[65.984s] -- Installing: /home/user/simulation_ws/install/turtlebot3_gazebo/share/turtlebot3_gazebo//models/ar_tag_1/meshes/image_1.jpg
[65.984s] -- Installing: /home/user/simulation_ws/install/turtlebot3_gazebo/share/turtlebot3_gazebo//models/ar_tag_1/meshes/ar_tag_6.dae
[65.985s] -- Installing: /home/user/simulation_ws/install/turtlebot3_gazebo/share/turtlebot3_gazebo//models/ar_tag_1/blender
[65.985s] -- Installing: /home/user/simulation_ws/install/turtlebot3_gazebo/share/turtlebot3_gazebo//models/ar_tag_1/blender/ar_tag.blend
[65.986s] -- Installing: /home/user/simulation_ws/install/turtlebot3_gazebo/share/turtlebot3_gazebo//models/ar_tag_1/blender/ar_tag_1.blend
[65.987s] -- Installing: /home/user/simulation_ws/install/turtlebot3_gazebo/share/turtlebot3_gazebo//models/ar_tag_1/blender/ar_tag_1.blend1
[65.988s] -- Installing: /home/user/simulation_ws/install/turtlebot3_gazebo/share/turtlebot3_gazebo//models/ar_tag_1/blender/ar_tag.blend1
[65.989s] -- Installing: /home/user/simulation_ws/install/turtlebot3_gazebo/share/turtlebot3_gazebo//models/ar_tag_1/model.config
[65.990s] -- Installing: /home/user/simulation_ws/install/turtlebot3_gazebo/share/turtlebot3_gazebo//models/turtlebot3_world
[65.990s] -- Installing: /home/user/simulation_ws/install/turtlebot3_gazebo/share/turtlebot3_gazebo//models/turtlebot3_world/model.sdf
[65.990s] -- Installing: /home/user/simulation_ws/install/turtlebot3_gazebo/share/turtlebot3_gazebo//models/turtlebot3_world/meshes
[65.990s] -- Installing: /home/user/simulation_ws/install/turtlebot3_gazebo/share/turtlebot3_gazebo//models/turtlebot3_world/meshes/wall.dae
[65.990s] -- Installing: /home/user/simulation_ws/install/turtlebot3_gazebo/share/turtlebot3_gazebo//models/turtlebot3_world/meshes/hexagon.dae
[65.990s] -- Installing: /home/user/simulation_ws/install/turtlebot3_gazebo/share/turtlebot3_gazebo//models/turtlebot3_world/model-1_4.sdf
[65.991s] -- Installing: /home/user/simulation_ws/install/turtlebot3_gazebo/share/turtlebot3_gazebo//models/turtlebot3_world/model.config
[65.991s] -- Installing: /home/user/simulation_ws/install/turtlebot3_gazebo/share/turtlebot3_gazebo//models/play_cube_purple
[65.991s] -- Installing: /home/user/simulation_ws/install/turtlebot3_gazebo/share/turtlebot3_gazebo//models/play_cube_purple/model.sdf
[65.991s] -- Installing: /home/user/simulation_ws/install/turtlebot3_gazebo/share/turtlebot3_gazebo//models/play_cube_purple/model.config
[65.991s] -- Installing: /home/user/simulation_ws/install/turtlebot3_gazebo/share/turtlebot3_gazebo//models/working_wall_2
[65.991s] -- Installing: /home/user/simulation_ws/install/turtlebot3_gazebo/share/turtlebot3_gazebo//models/working_wall_2/model.sdf
[65.991s] -- Installing: /home/user/simulation_ws/install/turtlebot3_gazebo/share/turtlebot3_gazebo//models/working_wall_2/model.config
[65.992s] -- Installing: /home/user/simulation_ws/install/turtlebot3_gazebo/share/turtlebot3_gazebo//models/turtlebot3_waffle
[65.992s] -- Installing: /home/user/simulation_ws/install/turtlebot3_gazebo/share/turtlebot3_gazebo//models/turtlebot3_waffle/model.sdf
[65.992s] -- Installing: /home/user/simulation_ws/install/turtlebot3_gazebo/share/turtlebot3_gazebo//models/turtlebot3_waffle/model-1_4.sdf
[65.992s] -- Installing: /home/user/simulation_ws/install/turtlebot3_gazebo/share/turtlebot3_gazebo//models/turtlebot3_waffle/model.config
[65.992s] -- Installing: /home/user/simulation_ws/install/turtlebot3_gazebo/share/turtlebot3_gazebo//models/road_charging
[65.992s] -- Installing: /home/user/simulation_ws/install/turtlebot3_gazebo/share/turtlebot3_gazebo//models/road_charging/model.sdf
[65.993s] -- Installing: /home/user/simulation_ws/install/turtlebot3_gazebo/share/turtlebot3_gazebo//models/road_charging/model.config
[65.993s] -- Installing: /home/user/simulation_ws/install/turtlebot3_gazebo/share/turtlebot3_gazebo//models/ar_tag_6
[65.993s] -- Installing: /home/user/simulation_ws/install/turtlebot3_gazebo/share/turtlebot3_gazebo//models/ar_tag_6/model.sdf
[65.993s] -- Installing: /home/user/simulation_ws/install/turtlebot3_gazebo/share/turtlebot3_gazebo//models/ar_tag_6/model.config
[65.993s] -- Installing: /home/user/simulation_ws/install/turtlebot3_gazebo/share/turtlebot3_gazebo//models/pedestrian1
[65.993s] -- Installing: /home/user/simulation_ws/install/turtlebot3_gazebo/share/turtlebot3_gazebo//models/pedestrian1/model.sdf
[65.993s] -- Installing: /home/user/simulation_ws/install/turtlebot3_gazebo/share/turtlebot3_gazebo//models/pedestrian1/model.config
[65.994s] -- Installing: /home/user/simulation_ws/install/turtlebot3_gazebo/share/turtlebot3_gazebo//models/ar_tag_5
[65.994s] -- Installing: /home/user/simulation_ws/install/turtlebot3_gazebo/share/turtlebot3_gazebo//models/ar_tag_5/model.sdf
[65.994s] -- Installing: /home/user/simulation_ws/install/turtlebot3_gazebo/share/turtlebot3_gazebo//models/ar_tag_5/model.config
[65.994s] -- Installing: /home/user/simulation_ws/install/turtlebot3_gazebo/share/turtlebot3_gazebo//models/wheels
[65.994s] -- Installing: /home/user/simulation_ws/install/turtlebot3_gazebo/share/turtlebot3_gazebo//models/wheels/right_tire.stl
[65.996s] -- Installing: /home/user/simulation_ws/install/turtlebot3_gazebo/share/turtlebot3_gazebo//models/wheels/left_tire.stl
[65.997s] -- Installing: /home/user/simulation_ws/install/turtlebot3_gazebo/share/turtlebot3_gazebo//models/road_plane_new
[65.998s] -- Installing: /home/user/simulation_ws/install/turtlebot3_gazebo/share/turtlebot3_gazebo//models/road_plane_new/thumbnails
[65.998s] -- Installing: /home/user/simulation_ws/install/turtlebot3_gazebo/share/turtlebot3_gazebo//models/road_plane_new/thumbnails/0.png
[65.998s] -- Installing: /home/user/simulation_ws/install/turtlebot3_gazebo/share/turtlebot3_gazebo//models/road_plane_new/materials
[65.998s] -- Installing: /home/user/simulation_ws/install/turtlebot3_gazebo/share/turtlebot3_gazebo//models/road_plane_new/materials/scripts
[65.998s] -- Installing: /home/user/simulation_ws/install/turtlebot3_gazebo/share/turtlebot3_gazebo//models/road_plane_new/materials/scripts/plane.material
[65.998s] -- Installing: /home/user/simulation_ws/install/turtlebot3_gazebo/share/turtlebot3_gazebo//models/road_plane_new/materials/textures
[65.998s] -- Installing: /home/user/simulation_ws/install/turtlebot3_gazebo/share/turtlebot3_gazebo//models/road_plane_new/materials/textures/road_p.png
[65.999s] -- Installing: /home/user/simulation_ws/install/turtlebot3_gazebo/share/turtlebot3_gazebo//models/road_plane_new/model.sdf
[65.999s] -- Installing: /home/user/simulation_ws/install/turtlebot3_gazebo/share/turtlebot3_gazebo//models/road_plane_new/model.config
[65.999s] -- Installing: /home/user/simulation_ws/install/turtlebot3_gazebo/share/turtlebot3_gazebo//models/play_cube_red
[65.999s] -- Installing: /home/user/simulation_ws/install/turtlebot3_gazebo/share/turtlebot3_gazebo//models/play_cube_red/model.sdf
[66.000s] -- Installing: /home/user/simulation_ws/install/turtlebot3_gazebo/share/turtlebot3_gazebo//models/play_cube_red/model.config
[66.000s] -- Installing: /home/user/simulation_ws/install/turtlebot3_gazebo/share/turtlebot3_gazebo//models/area_charging
[66.000s] -- Installing: /home/user/simulation_ws/install/turtlebot3_gazebo/share/turtlebot3_gazebo//models/area_charging/model.sdf
[66.001s] -- Installing: /home/user/simulation_ws/install/turtlebot3_gazebo/share/turtlebot3_gazebo//models/area_charging/model.config
[66.001s] -- Installing: /home/user/simulation_ws/install/turtlebot3_gazebo/share/turtlebot3_gazebo//models/triangular_prism_direccion_obligada
[66.001s] -- Installing: /home/user/simulation_ws/install/turtlebot3_gazebo/share/turtlebot3_gazebo//models/triangular_prism_direccion_obligada/model.sdf
[66.001s] -- Installing: /home/user/simulation_ws/install/turtlebot3_gazebo/share/turtlebot3_gazebo//models/triangular_prism_direccion_obligada/model.config
[66.001s] -- Installing: /home/user/simulation_ws/install/turtlebot3_gazebo/share/turtlebot3_gazebo//models/play_cube_green
[66.001s] -- Installing: /home/user/simulation_ws/install/turtlebot3_gazebo/share/turtlebot3_gazebo//models/play_cube_green/model.sdf
[66.002s] -- Installing: /home/user/simulation_ws/install/turtlebot3_gazebo/share/turtlebot3_gazebo//models/play_cube_green/model.config
[66.002s] -- Installing: /home/user/simulation_ws/install/turtlebot3_gazebo/share/turtlebot3_gazebo//models/working_wall_robot_arm
[66.002s] -- Installing: /home/user/simulation_ws/install/turtlebot3_gazebo/share/turtlebot3_gazebo//models/working_wall_robot_arm/model.sdf
[66.002s] -- Installing: /home/user/simulation_ws/install/turtlebot3_gazebo/share/turtlebot3_gazebo//models/working_wall_robot_arm/model.config
[66.002s] -- Installing: /home/user/simulation_ws/install/turtlebot3_gazebo/share/turtlebot3_gazebo//models/pedestrian_sign_prism
[66.002s] -- Installing: /home/user/simulation_ws/install/turtlebot3_gazebo/share/turtlebot3_gazebo//models/pedestrian_sign_prism/model.sdf
[66.002s] -- Installing: /home/user/simulation_ws/install/turtlebot3_gazebo/share/turtlebot3_gazebo//models/pedestrian_sign_prism/meshes
[66.002s] -- Installing: /home/user/simulation_ws/install/turtlebot3_gazebo/share/turtlebot3_gazebo//models/pedestrian_sign_prism/meshes/pedestrian.png
[66.002s] -- Installing: /home/user/simulation_ws/install/turtlebot3_gazebo/share/turtlebot3_gazebo//models/pedestrian_sign_prism/meshes/signal_pedestrian.dae
[66.002s] -- Installing: /home/user/simulation_ws/install/turtlebot3_gazebo/share/turtlebot3_gazebo//models/pedestrian_sign_prism/meshes/signal_pedestrian_fix.dae
[66.003s] -- Installing: /home/user/simulation_ws/install/turtlebot3_gazebo/share/turtlebot3_gazebo//models/pedestrian_sign_prism/model.config
[66.003s] -- Installing: /home/user/simulation_ws/install/turtlebot3_gazebo/share/turtlebot3_gazebo//models/play_cube_red_big
[66.003s] -- Installing: /home/user/simulation_ws/install/turtlebot3_gazebo/share/turtlebot3_gazebo//models/play_cube_red_big/model.sdf
[66.003s] -- Installing: /home/user/simulation_ws/install/turtlebot3_gazebo/share/turtlebot3_gazebo//models/play_cube_red_big/model.config
[66.003s] -- Installing: /home/user/simulation_ws/install/turtlebot3_gazebo/share/turtlebot3_gazebo//models/bases
[66.003s] -- Installing: /home/user/simulation_ws/install/turtlebot3_gazebo/share/turtlebot3_gazebo//models/bases/waffle_base.stl
[66.030s] -- Installing: /home/user/simulation_ws/install/turtlebot3_gazebo/share/turtlebot3_gazebo//models/bases/burger_base.stl
[66.038s] -- Installing: /home/user/simulation_ws/install/turtlebot3_gazebo/share/turtlebot3_gazebo//models/bases/waffle_pi_base.stl
[66.049s] -- Installing: /home/user/simulation_ws/install/turtlebot3_gazebo/share/turtlebot3_gazebo//models/road_starting
[66.049s] -- Installing: /home/user/simulation_ws/install/turtlebot3_gazebo/share/turtlebot3_gazebo//models/road_starting/model.sdf
[66.049s] -- Installing: /home/user/simulation_ws/install/turtlebot3_gazebo/share/turtlebot3_gazebo//models/road_starting/model.config
[66.050s] -- Installing: /home/user/simulation_ws/install/turtlebot3_gazebo/share/turtlebot3_gazebo//models/eight_road
[66.050s] -- Installing: /home/user/simulation_ws/install/turtlebot3_gazebo/share/turtlebot3_gazebo//models/eight_road/model.sdf
[66.050s] -- Installing: /home/user/simulation_ws/install/turtlebot3_gazebo/share/turtlebot3_gazebo//models/eight_road/meshes
[66.050s] -- Installing: /home/user/simulation_ws/install/turtlebot3_gazebo/share/turtlebot3_gazebo//models/eight_road/meshes/EightCircuit.png
[66.053s] -- Installing: /home/user/simulation_ws/install/turtlebot3_gazebo/share/turtlebot3_gazebo//models/eight_road/meshes/eightroad.dae
[66.053s] -- Installing: /home/user/simulation_ws/install/turtlebot3_gazebo/share/turtlebot3_gazebo//models/eight_road/blender
[66.053s] -- Installing: /home/user/simulation_ws/install/turtlebot3_gazebo/share/turtlebot3_gazebo//models/eight_road/blender/eightroad.blend
[66.054s] -- Installing: /home/user/simulation_ws/install/turtlebot3_gazebo/share/turtlebot3_gazebo//models/eight_road/model.config
[66.054s] -- Installing: /home/user/simulation_ws/install/turtlebot3_gazebo/share/turtlebot3_gazebo//models/working_wall
[66.054s] -- Installing: /home/user/simulation_ws/install/turtlebot3_gazebo/share/turtlebot3_gazebo//models/working_wall/model.sdf
[66.055s] -- Installing: /home/user/simulation_ws/install/turtlebot3_gazebo/share/turtlebot3_gazebo//models/working_wall/model.config
[66.055s] -- Installing: /home/user/simulation_ws/install/turtlebot3_gazebo/share/turtlebot3_gazebo//models/direccion_obligada_sign_prism
[66.055s] -- Installing: /home/user/simulation_ws/install/turtlebot3_gazebo/share/turtlebot3_gazebo//models/direccion_obligada_sign_prism/model.sdf
[66.055s] -- Installing: /home/user/simulation_ws/install/turtlebot3_gazebo/share/turtlebot3_gazebo//models/direccion_obligada_sign_prism/meshes
[66.055s] -- Installing: /home/user/simulation_ws/install/turtlebot3_gazebo/share/turtlebot3_gazebo//models/direccion_obligada_sign_prism/meshes/signal_dir_obligada.dae
[66.055s] -- Installing: /home/user/simulation_ws/install/turtlebot3_gazebo/share/turtlebot3_gazebo//models/direccion_obligada_sign_prism/meshes/direccion_obligada.jpg
[66.056s] -- Installing: /home/user/simulation_ws/install/turtlebot3_gazebo/share/turtlebot3_gazebo//models/direccion_obligada_sign_prism/meshes/signal_dir_obligada_fix.dae
[66.056s] -- Installing: /home/user/simulation_ws/install/turtlebot3_gazebo/share/turtlebot3_gazebo//models/direccion_obligada_sign_prism/model.config
[66.056s] -- Installing: /home/user/simulation_ws/install/turtlebot3_gazebo/share/turtlebot3_gazebo//models/working_wall_0
[66.056s] -- Installing: /home/user/simulation_ws/install/turtlebot3_gazebo/share/turtlebot3_gazebo//models/working_wall_0/model.sdf
[66.056s] -- Installing: /home/user/simulation_ws/install/turtlebot3_gazebo/share/turtlebot3_gazebo//models/working_wall_0/model.config
[66.056s] -- Installing: /home/user/simulation_ws/install/turtlebot3_gazebo/share/turtlebot3_gazebo//rviz
[66.056s] -- Installing: /home/user/simulation_ws/install/turtlebot3_gazebo/share/turtlebot3_gazebo//rviz/tb3_gazebo.rviz
[66.056s] -- Installing: /home/user/simulation_ws/install/turtlebot3_gazebo/share/turtlebot3_gazebo//rviz/tb3_burger.rviz
[66.057s] -- Installing: /home/user/simulation_ws/install/turtlebot3_gazebo/share/turtlebot3_gazebo//urdf
[66.057s] -- Installing: /home/user/simulation_ws/install/turtlebot3_gazebo/share/turtlebot3_gazebo//urdf/turtlebot3_waffle.urdf
[66.057s] -- Installing: /home/user/simulation_ws/install/turtlebot3_gazebo/share/turtlebot3_gazebo//urdf/turtlebot3_waffle_pi.urdf
[66.057s] -- Installing: /home/user/simulation_ws/install/turtlebot3_gazebo/share/turtlebot3_gazebo//urdf/common_properties.urdf
[66.057s] -- Installing: /home/user/simulation_ws/install/turtlebot3_gazebo/share/turtlebot3_gazebo//urdf/turtlebot3_burger.urdf
[66.057s] -- Installing: /home/user/simulation_ws/install/turtlebot3_gazebo/share/turtlebot3_gazebo//worlds
[66.057s] -- Installing: /home/user/simulation_ws/install/turtlebot3_gazebo/share/turtlebot3_gazebo//worlds/realrobotlab_v1.world
[66.057s] -- Installing: /home/user/simulation_ws/install/turtlebot3_gazebo/share/turtlebot3_gazebo//worlds/turtlebot3_dqn_stage2.world
[66.058s] -- Installing: /home/user/simulation_ws/install/turtlebot3_gazebo/share/turtlebot3_gazebo//worlds/turtlebot3_dqn_stage3.world
[66.058s] -- Installing: /home/user/simulation_ws/install/turtlebot3_gazebo/share/turtlebot3_gazebo//worlds/turtlebot3_dqn_stage1.world
[66.058s] -- Installing: /home/user/simulation_ws/install/turtlebot3_gazebo/share/turtlebot3_gazebo//worlds/turtlebot3_house.world
[66.058s] -- Installing: /home/user/simulation_ws/install/turtlebot3_gazebo/share/turtlebot3_gazebo//worlds/turtlebot3_dqn_stage4.world
[66.058s] -- Installing: /home/user/simulation_ws/install/turtlebot3_gazebo/share/turtlebot3_gazebo//worlds/turtlebot3_world.world
[66.058s] -- Installing: /home/user/simulation_ws/install/turtlebot3_gazebo/share/turtlebot3_gazebo//worlds/empty_world.world
[66.058s] -- Installing: /home/user/simulation_ws/install/turtlebot3_gazebo/include/
[66.059s] -- Installing: /home/user/simulation_ws/install/turtlebot3_gazebo/include//turtlebot3_gazebo
[66.059s] -- Installing: /home/user/simulation_ws/install/turtlebot3_gazebo/include//turtlebot3_gazebo/turtlebot3_drive.hpp
[66.059s] -- Installing: /home/user/simulation_ws/install/turtlebot3_gazebo/share/ament_index/resource_index/package_run_dependencies/turtlebot3_gazebo
[66.059s] -- Installing: /home/user/simulation_ws/install/turtlebot3_gazebo/share/ament_index/resource_index/parent_prefix_path/turtlebot3_gazebo
[66.059s] -- Installing: /home/user/simulation_ws/install/turtlebot3_gazebo/share/turtlebot3_gazebo/environment/ament_prefix_path.sh
[66.060s] -- Installing: /home/user/simulation_ws/install/turtlebot3_gazebo/share/turtlebot3_gazebo/environment/ament_prefix_path.dsv
[66.060s] -- Installing: /home/user/simulation_ws/install/turtlebot3_gazebo/share/turtlebot3_gazebo/environment/path.sh
[66.061s] -- Installing: /home/user/simulation_ws/install/turtlebot3_gazebo/share/turtlebot3_gazebo/environment/path.dsv
[66.061s] -- Installing: /home/user/simulation_ws/install/turtlebot3_gazebo/share/turtlebot3_gazebo/local_setup.bash
[66.061s] -- Installing: /home/user/simulation_ws/install/turtlebot3_gazebo/share/turtlebot3_gazebo/local_setup.sh
[66.061s] -- Installing: /home/user/simulation_ws/install/turtlebot3_gazebo/share/turtlebot3_gazebo/local_setup.zsh
[66.061s] -- Installing: /home/user/simulation_ws/install/turtlebot3_gazebo/share/turtlebot3_gazebo/local_setup.dsv
[66.061s] -- Installing: /home/user/simulation_ws/install/turtlebot3_gazebo/share/turtlebot3_gazebo/package.dsv
[66.061s] -- Installing: /home/user/simulation_ws/install/turtlebot3_gazebo/share/ament_index/resource_index/packages/turtlebot3_gazebo
[66.061s] -- Installing: /home/user/simulation_ws/install/turtlebot3_gazebo/share/turtlebot3_gazebo/cmake/ament_cmake_export_include_directories-extras.cmake
[66.062s] -- Installing: /home/user/simulation_ws/install/turtlebot3_gazebo/share/turtlebot3_gazebo/cmake/ament_cmake_export_dependencies-extras.cmake
[66.062s] -- Installing: /home/user/simulation_ws/install/turtlebot3_gazebo/share/turtlebot3_gazebo/cmake/turtlebot3_gazeboConfig.cmake
[66.062s] -- Installing: /home/user/simulation_ws/install/turtlebot3_gazebo/share/turtlebot3_gazebo/cmake/turtlebot3_gazeboConfig-version.cmake
[66.063s] -- Installing: /home/user/simulation_ws/install/turtlebot3_gazebo/share/turtlebot3_gazebo/package.xml
[66.065s] Invoked command in '/home/user/simulation_ws/build/turtlebot3_gazebo' returned '0': CMAKE_PREFIX_PATH=${CMAKE_PREFIX_PATH}:/home/user/simulation_ws/install/turtlebot3_teleop:/home/user/simulation_ws/install/turtlebot3_example:/home/simulations/ros2_sims_ws/install/rclrs_tests:/home/simulations/ros2_sims_ws/install/examples_rclrs_minimal_client_service:/home/simulations/ros2_sims_ws/install/sensor_msgs_py:/home/simulations/ros2_sims_ws/install/examples_rclrs_minimal_pub_sub:/home/simulations/ros2_sims_ws/install/examples_rclrs_message_demo:/home/simulations/ros2_sims_ws/install/rclrs:/home/simulations/ros2_sims_ws/install/rosidl_runtime_rs:/opt/ros/humble _=/usr/bin/env /usr/bin/cmake --install /home/user/simulation_ws/build/turtlebot3_gazebo
