[4.207s] Invoking command in '/home/user/simulation_ws/src/turtlebot3/turtlebot3_teleop': PYTHONPATH=/home/user/simulation_ws/build/turtlebot3_teleop/prefix_override:/home/user/simulation_ws/install/turtlebot3_teleop/lib/python3.10/site-packages:${PYTHONPATH} _=/usr/bin/env /usr/bin/python3 -W ignore:setup.py install is deprecated setup.py egg_info --egg-base ../../../build/turtlebot3_teleop build --build-base /home/user/simulation_ws/build/turtlebot3_teleop/build install --record /home/user/simulation_ws/build/turtlebot3_teleop/install.log --single-version-externally-managed install_data
[15.823s] running egg_info
[15.823s] creating ../../../build/turtlebot3_teleop/turtlebot3_teleop.egg-info
[15.823s] writing ../../../build/turtlebot3_teleop/turtlebot3_teleop.egg-info/PKG-INFO
[15.823s] writing dependency_links to ../../../build/turtlebot3_teleop/turtlebot3_teleop.egg-info/dependency_links.txt
[15.823s] writing entry points to ../../../build/turtlebot3_teleop/turtlebot3_teleop.egg-info/entry_points.txt
[15.823s] writing requirements to ../../../build/turtlebot3_teleop/turtlebot3_teleop.egg-info/requires.txt
[15.823s] writing top-level names to ../../../build/turtlebot3_teleop/turtlebot3_teleop.egg-info/top_level.txt
[15.823s] writing manifest file '../../../build/turtlebot3_teleop/turtlebot3_teleop.egg-info/SOURCES.txt'
[15.823s] reading manifest file '../../../build/turtlebot3_teleop/turtlebot3_teleop.egg-info/SOURCES.txt'
[15.824s] writing manifest file '../../../build/turtlebot3_teleop/turtlebot3_teleop.egg-info/SOURCES.txt'
[15.824s] running build
[15.824s] running build_py
[15.824s] creating /home/user/simulation_ws/build/turtlebot3_teleop/build
[15.824s] creating /home/user/simulation_ws/build/turtlebot3_teleop/build/lib
[15.824s] creating /home/user/simulation_ws/build/turtlebot3_teleop/build/lib/turtlebot3_teleop
[15.824s] copying turtlebot3_teleop/__init__.py -> /home/user/simulation_ws/build/turtlebot3_teleop/build/lib/turtlebot3_teleop
[15.824s] creating /home/user/simulation_ws/build/turtlebot3_teleop/build/lib/turtlebot3_teleop/script
[15.824s] copying turtlebot3_teleop/script/teleop_keyboard.py -> /home/user/simulation_ws/build/turtlebot3_teleop/build/lib/turtlebot3_teleop/script
[15.824s] copying turtlebot3_teleop/script/__init__.py -> /home/user/simulation_ws/build/turtlebot3_teleop/build/lib/turtlebot3_teleop/script
[15.824s] running install
[15.824s] running install_lib
[15.824s] creating /home/user/simulation_ws/install/turtlebot3_teleop/lib/python3.10/site-packages/turtlebot3_teleop
[15.824s] creating /home/user/simulation_ws/install/turtlebot3_teleop/lib/python3.10/site-packages/turtlebot3_teleop/script
[15.825s] copying /home/user/simulation_ws/build/turtlebot3_teleop/build/lib/turtlebot3_teleop/script/teleop_keyboard.py -> /home/user/simulation_ws/install/turtlebot3_teleop/lib/python3.10/site-packages/turtlebot3_teleop/script
[15.825s] copying /home/user/simulation_ws/build/turtlebot3_teleop/build/lib/turtlebot3_teleop/script/__init__.py -> /home/user/simulation_ws/install/turtlebot3_teleop/lib/python3.10/site-packages/turtlebot3_teleop/script
[15.825s] copying /home/user/simulation_ws/build/turtlebot3_teleop/build/lib/turtlebot3_teleop/__init__.py -> /home/user/simulation_ws/install/turtlebot3_teleop/lib/python3.10/site-packages/turtlebot3_teleop
[15.825s] byte-compiling /home/user/simulation_ws/install/turtlebot3_teleop/lib/python3.10/site-packages/turtlebot3_teleop/script/teleop_keyboard.py to teleop_keyboard.cpython-310.pyc
[15.825s] byte-compiling /home/user/simulation_ws/install/turtlebot3_teleop/lib/python3.10/site-packages/turtlebot3_teleop/script/__init__.py to __init__.cpython-310.pyc
[15.825s] byte-compiling /home/user/simulation_ws/install/turtlebot3_teleop/lib/python3.10/site-packages/turtlebot3_teleop/__init__.py to __init__.cpython-310.pyc
[15.825s] running install_data
[15.825s] creating /home/user/simulation_ws/install/turtlebot3_teleop/share/ament_index
[15.825s] creating /home/user/simulation_ws/install/turtlebot3_teleop/share/ament_index/resource_index
[15.826s] creating /home/user/simulation_ws/install/turtlebot3_teleop/share/ament_index/resource_index/packages
[15.826s] copying resource/turtlebot3_teleop -> /home/user/simulation_ws/install/turtlebot3_teleop/share/ament_index/resource_index/packages
[15.826s] copying package.xml -> /home/user/simulation_ws/install/turtlebot3_teleop/share/turtlebot3_teleop
[15.826s] running install_egg_info
[15.826s] Copying ../../../build/turtlebot3_teleop/turtlebot3_teleop.egg-info to /home/user/simulation_ws/install/turtlebot3_teleop/lib/python3.10/site-packages/turtlebot3_teleop-2.1.4-py3.10.egg-info
[15.826s] running install_scripts
[15.826s] Installing teleop_keyboard script to /home/user/simulation_ws/install/turtlebot3_teleop/lib/turtlebot3_teleop
[15.827s] writing list of installed files to '/home/user/simulation_ws/build/turtlebot3_teleop/install.log'
[15.828s] Invoked command in '/home/user/simulation_ws/src/turtlebot3/turtlebot3_teleop' returned '0': PYTHONPATH=/home/user/simulation_ws/build/turtlebot3_teleop/prefix_override:/home/user/simulation_ws/install/turtlebot3_teleop/lib/python3.10/site-packages:${PYTHONPATH} _=/usr/bin/env /usr/bin/python3 -W ignore:setup.py install is deprecated setup.py egg_info --egg-base ../../../build/turtlebot3_teleop build --build-base /home/user/simulation_ws/build/turtlebot3_teleop/build install --record /home/user/simulation_ws/build/turtlebot3_teleop/install.log --single-version-externally-managed install_data
