[0.113s] Invoking command in '/home/user/simulation_ws/build/turtlebot3_navigation2': CMAKE_PREFIX_PATH=${CMAKE_PREFIX_PATH}:/home/user/simulation_ws/install/turtlebot3_teleop:/home/user/simulation_ws/install/turtlebot3_example:/home/simulations/ros2_sims_ws/install/rclrs_tests:/home/simulations/ros2_sims_ws/install/examples_rclrs_minimal_client_service:/home/simulations/ros2_sims_ws/install/sensor_msgs_py:/home/simulations/ros2_sims_ws/install/examples_rclrs_minimal_pub_sub:/home/simulations/ros2_sims_ws/install/examples_rclrs_message_demo:/home/simulations/ros2_sims_ws/install/rclrs:/home/simulations/ros2_sims_ws/install/rosidl_runtime_rs:/opt/ros/humble _=/usr/bin/env /usr/bin/cmake /home/user/simulation_ws/src/turtlebot3/turtlebot3_navigation2 -DCMAKE_INSTALL_PREFIX=/home/user/simulation_ws/install/turtlebot3_navigation2
[10.212s] -- The C compiler identification is GNU 11.4.0
[13.453s] -- The CXX compiler identification is GNU 11.4.0
[13.675s] -- Detecting C compiler ABI info
[13.977s] -- Detecting C compiler ABI info - done
[13.986s] -- Check for working C compiler: /usr/bin/cc - skipped
[13.986s] -- Detecting C compile features
[14.057s] -- Detecting C compile features - done
[14.064s] -- Detecting CXX compiler ABI info
[14.371s] -- Detecting CXX compiler ABI info - done
[14.380s] -- Check for working CXX compiler: /usr/bin/c++ - skipped
[14.380s] -- Detecting CXX compile features
[14.381s] -- Detecting CXX compile features - done
[14.396s] -- Found ament_cmake: 1.3.8 (/opt/ros/humble/share/ament_cmake/cmake)
[15.223s] -- Found Python3: /usr/bin/python3 (found version "3.10.12") found components: Interpreter 
[15.813s] -- Configuring done
[15.817s] -- Generating done
[15.818s] -- Build files have been written to: /home/user/simulation_ws/build/turtlebot3_navigation2
[15.835s] Invoked command in '/home/user/simulation_ws/build/turtlebot3_navigation2' returned '0': CMAKE_PREFIX_PATH=${CMAKE_PREFIX_PATH}:/home/user/simulation_ws/install/turtlebot3_teleop:/home/user/simulation_ws/install/turtlebot3_example:/home/simulations/ros2_sims_ws/install/rclrs_tests:/home/simulations/ros2_sims_ws/install/examples_rclrs_minimal_client_service:/home/simulations/ros2_sims_ws/install/sensor_msgs_py:/home/simulations/ros2_sims_ws/install/examples_rclrs_minimal_pub_sub:/home/simulations/ros2_sims_ws/install/examples_rclrs_message_demo:/home/simulations/ros2_sims_ws/install/rclrs:/home/simulations/ros2_sims_ws/install/rosidl_runtime_rs:/opt/ros/humble _=/usr/bin/env /usr/bin/cmake /home/user/simulation_ws/src/turtlebot3/turtlebot3_navigation2 -DCMAKE_INSTALL_PREFIX=/home/user/simulation_ws/install/turtlebot3_navigation2
[15.835s] Invoking command in '/home/user/simulation_ws/build/turtlebot3_navigation2': CMAKE_PREFIX_PATH=${CMAKE_PREFIX_PATH}:/home/user/simulation_ws/install/turtlebot3_teleop:/home/user/simulation_ws/install/turtlebot3_example:/home/simulations/ros2_sims_ws/install/rclrs_tests:/home/simulations/ros2_sims_ws/install/examples_rclrs_minimal_client_service:/home/simulations/ros2_sims_ws/install/sensor_msgs_py:/home/simulations/ros2_sims_ws/install/examples_rclrs_minimal_pub_sub:/home/simulations/ros2_sims_ws/install/examples_rclrs_message_demo:/home/simulations/ros2_sims_ws/install/rclrs:/home/simulations/ros2_sims_ws/install/rosidl_runtime_rs:/opt/ros/humble _=/usr/bin/env /usr/bin/cmake --build /home/user/simulation_ws/build/turtlebot3_navigation2 -- -j8 -l8
[15.919s] Invoked command in '/home/user/simulation_ws/build/turtlebot3_navigation2' returned '0': CMAKE_PREFIX_PATH=${CMAKE_PREFIX_PATH}:/home/user/simulation_ws/install/turtlebot3_teleop:/home/user/simulation_ws/install/turtlebot3_example:/home/simulations/ros2_sims_ws/install/rclrs_tests:/home/simulations/ros2_sims_ws/install/examples_rclrs_minimal_client_service:/home/simulations/ros2_sims_ws/install/sensor_msgs_py:/home/simulations/ros2_sims_ws/install/examples_rclrs_minimal_pub_sub:/home/simulations/ros2_sims_ws/install/examples_rclrs_message_demo:/home/simulations/ros2_sims_ws/install/rclrs:/home/simulations/ros2_sims_ws/install/rosidl_runtime_rs:/opt/ros/humble _=/usr/bin/env /usr/bin/cmake --build /home/user/simulation_ws/build/turtlebot3_navigation2 -- -j8 -l8
[15.987s] Invoking command in '/home/user/simulation_ws/build/turtlebot3_navigation2': CMAKE_PREFIX_PATH=${CMAKE_PREFIX_PATH}:/home/user/simulation_ws/install/turtlebot3_teleop:/home/user/simulation_ws/install/turtlebot3_example:/home/simulations/ros2_sims_ws/install/rclrs_tests:/home/simulations/ros2_sims_ws/install/examples_rclrs_minimal_client_service:/home/simulations/ros2_sims_ws/install/sensor_msgs_py:/home/simulations/ros2_sims_ws/install/examples_rclrs_minimal_pub_sub:/home/simulations/ros2_sims_ws/install/examples_rclrs_message_demo:/home/simulations/ros2_sims_ws/install/rclrs:/home/simulations/ros2_sims_ws/install/rosidl_runtime_rs:/opt/ros/humble _=/usr/bin/env /usr/bin/cmake --install /home/user/simulation_ws/build/turtlebot3_navigation2
[16.000s] -- Install configuration: ""
[16.001s] -- Installing: /home/user/simulation_ws/install/turtlebot3_navigation2/share/turtlebot3_navigation2/launch
[16.001s] -- Installing: /home/user/simulation_ws/install/turtlebot3_navigation2/share/turtlebot3_navigation2/launch/navigation2.launch.py
[16.002s] -- Installing: /home/user/simulation_ws/install/turtlebot3_navigation2/share/turtlebot3_navigation2/map
[16.002s] -- Installing: /home/user/simulation_ws/install/turtlebot3_navigation2/share/turtlebot3_navigation2/map/turtlebot3_world.yaml
[16.002s] -- Installing: /home/user/simulation_ws/install/turtlebot3_navigation2/share/turtlebot3_navigation2/map/turtlebot3_world.pgm
[16.002s] -- Installing: /home/user/simulation_ws/install/turtlebot3_navigation2/share/turtlebot3_navigation2/param
[16.002s] -- Installing: /home/user/simulation_ws/install/turtlebot3_navigation2/share/turtlebot3_navigation2/param/burger.yaml
[16.003s] -- Installing: /home/user/simulation_ws/install/turtlebot3_navigation2/share/turtlebot3_navigation2/param/waffle.yaml
[16.003s] -- Installing: /home/user/simulation_ws/install/turtlebot3_navigation2/share/turtlebot3_navigation2/param/waffle_pi.yaml
[16.003s] -- Installing: /home/user/simulation_ws/install/turtlebot3_navigation2/share/turtlebot3_navigation2/rviz
[16.003s] -- Installing: /home/user/simulation_ws/install/turtlebot3_navigation2/share/turtlebot3_navigation2/rviz/tb3_navigation2.rviz
[16.004s] -- Installing: /home/user/simulation_ws/install/turtlebot3_navigation2/share/ament_index/resource_index/package_run_dependencies/turtlebot3_navigation2
[16.004s] -- Installing: /home/user/simulation_ws/install/turtlebot3_navigation2/share/ament_index/resource_index/parent_prefix_path/turtlebot3_navigation2
[16.005s] -- Installing: /home/user/simulation_ws/install/turtlebot3_navigation2/share/turtlebot3_navigation2/environment/ament_prefix_path.sh
[16.005s] -- Installing: /home/user/simulation_ws/install/turtlebot3_navigation2/share/turtlebot3_navigation2/environment/ament_prefix_path.dsv
[16.006s] -- Installing: /home/user/simulation_ws/install/turtlebot3_navigation2/share/turtlebot3_navigation2/environment/path.sh
[16.006s] -- Installing: /home/user/simulation_ws/install/turtlebot3_navigation2/share/turtlebot3_navigation2/environment/path.dsv
[16.006s] -- Installing: /home/user/simulation_ws/install/turtlebot3_navigation2/share/turtlebot3_navigation2/local_setup.bash
[16.006s] -- Installing: /home/user/simulation_ws/install/turtlebot3_navigation2/share/turtlebot3_navigation2/local_setup.sh
[16.007s] -- Installing: /home/user/simulation_ws/install/turtlebot3_navigation2/share/turtlebot3_navigation2/local_setup.zsh
[16.007s] -- Installing: /home/user/simulation_ws/install/turtlebot3_navigation2/share/turtlebot3_navigation2/local_setup.dsv
[16.007s] -- Installing: /home/user/simulation_ws/install/turtlebot3_navigation2/share/turtlebot3_navigation2/package.dsv
[16.007s] -- Installing: /home/user/simulation_ws/install/turtlebot3_navigation2/share/ament_index/resource_index/packages/turtlebot3_navigation2
[16.007s] -- Installing: /home/user/simulation_ws/install/turtlebot3_navigation2/share/turtlebot3_navigation2/cmake/turtlebot3_navigation2Config.cmake
[16.007s] -- Installing: /home/user/simulation_ws/install/turtlebot3_navigation2/share/turtlebot3_navigation2/cmake/turtlebot3_navigation2Config-version.cmake
[16.008s] -- Installing: /home/user/simulation_ws/install/turtlebot3_navigation2/share/turtlebot3_navigation2/package.xml
[16.011s] Invoked command in '/home/user/simulation_ws/build/turtlebot3_navigation2' returned '0': CMAKE_PREFIX_PATH=${CMAKE_PREFIX_PATH}:/home/user/simulation_ws/install/turtlebot3_teleop:/home/user/simulation_ws/install/turtlebot3_example:/home/simulations/ros2_sims_ws/install/rclrs_tests:/home/simulations/ros2_sims_ws/install/examples_rclrs_minimal_client_service:/home/simulations/ros2_sims_ws/install/sensor_msgs_py:/home/simulations/ros2_sims_ws/install/examples_rclrs_minimal_pub_sub:/home/simulations/ros2_sims_ws/install/examples_rclrs_message_demo:/home/simulations/ros2_sims_ws/install/rclrs:/home/simulations/ros2_sims_ws/install/rosidl_runtime_rs:/opt/ros/humble _=/usr/bin/env /usr/bin/cmake --install /home/user/simulation_ws/build/turtlebot3_navigation2
